2026-06-21 10:34:40|INFO|CoreSettlementEngine|Inbound transaction payload validated and reconciled.
2026-06-21 10:35:05|INFO|AuthService|Inbound transaction payload validated and reconciled.
2026-06-21 10:35:30|ERROR|AuthService|Database connection pool exhausted during high-volume clearing.
2026-06-21 10:35:55|WARNING|PaymentAPI|API threshold warning: Network latency peaked above 250ms.
2026-06-21 10:36:20|INFO|RiskManagementModule|Inbound transaction payload validated and reconciled.
2026-06-21 10:36:45|INFO|FixOrderGateway|Inbound transaction payload validated and reconciled.
2026-06-21 10:37:10|INFO|AuthService|Inbound transaction payload validated and reconciled.
2026-06-21 10:37:35|ERROR|FixOrderGateway|Database connection pool exhausted during high-volume clearing.
2026-06-21 10:38:00|INFO|RiskManagementModule|Inbound transaction payload validated and reconciled.
2026-06-21 10:38:25|INFO|RiskManagementModule|Inbound transaction payload validated and reconciled.
2026-06-21 10:38:50|INFO|CoreSettlementEngine|Inbound transaction payload validated and reconciled.
2026-06-21 10:39:15|INFO|AuthService|Inbound transaction payload validated and reconciled.
2026-06-21 10:39:40|INFO|AuthService|Inbound transaction payload validated and reconciled.
2026-06-21 10:40:05|INFO|AuthService|Inbound transaction payload validated and reconciled.
2026-06-21 10:40:30|INFO|RiskManagementModule|Inbound transaction payload validated and reconciled.
2026-06-21 10:40:55|INFO|FixOrderGateway|Inbound transaction payload validated and reconciled.
2026-06-21 10:41:20|INFO|FixOrderGateway|Inbound transaction payload validated and reconciled.
2026-06-21 10:41:45|WARNING|CoreSettlementEngine|API threshold warning: Network latency peaked above 250ms.
2026-06-21 10:42:10|INFO|FixOrderGateway|Inbound transaction payload validated and reconciled.
2026-06-21 10:42:35|INFO|CoreSettlementEngine|Inbound transaction payload validated and reconciled.
2026-06-21 10:43:00|WARNING|CoreSettlementEngine|API threshold warning: Network latency peaked above 250ms.
2026-06-21 10:43:25|ERROR|FixOrderGateway|Database connection pool exhausted during high-volume clearing.
2026-06-21 10:43:50|INFO|FixOrderGateway|Inbound transaction payload validated and reconciled.
2026-06-21 10:44:15|INFO|CoreSettlementEngine|Inbound transaction payload validated and reconciled.
2026-06-21 10:44:40|INFO|FixOrderGateway|Inbound transaction payload validated and reconciled.
2026-06-21 10:45:05|INFO|RiskManagementModule|Inbound transaction payload validated and reconciled.
2026-06-21 10:45:30|INFO|PaymentAPI|Inbound transaction payload validated and reconciled.
2026-06-21 10:45:55|INFO|PaymentAPI|Inbound transaction payload validated and reconciled.
2026-06-21 10:46:20|INFO|FixOrderGateway|Inbound transaction payload validated and reconciled.
2026-06-21 10:46:45|INFO|FixOrderGateway|Inbound transaction payload validated and reconciled.
2026-06-21 10:47:10|INFO|PaymentAPI|Inbound transaction payload validated and reconciled.
2026-06-21 10:47:35|INFO|FixOrderGateway|Inbound transaction payload validated and reconciled.
2026-06-21 10:48:00|WARNING|AuthService|API threshold warning: Network latency peaked above 250ms.
2026-06-21 10:48:25|ERROR|RiskManagementModule|Database connection pool exhausted during high-volume clearing.
2026-06-21 10:48:50|WARNING|RiskManagementModule|API threshold warning: Network latency peaked above 250ms.
2026-06-21 10:49:15|INFO|RiskManagementModule|Inbound transaction payload validated and reconciled.
2026-06-21 10:49:40|ERROR|RiskManagementModule|Database connection pool exhausted during high-volume clearing.
2026-06-21 10:50:05|ERROR|FixOrderGateway|Database connection pool exhausted during high-volume clearing.
2026-06-21 10:50:30|INFO|PaymentAPI|Inbound transaction payload validated and reconciled.
2026-06-21 10:50:55|INFO|FixOrderGateway|Inbound transaction payload validated and reconciled.
2026-06-21 10:51:20|INFO|CoreSettlementEngine|Inbound transaction payload validated and reconciled.
2026-06-21 10:51:45|WARNING|FixOrderGateway|API threshold warning: Network latency peaked above 250ms.
2026-06-21 10:52:10|INFO|RiskManagementModule|Inbound transaction payload validated and reconciled.
2026-06-21 10:52:35|INFO|AuthService|Inbound transaction payload validated and reconciled.
2026-06-21 10:53:00|ERROR|CoreSettlementEngine|Database connection pool exhausted during high-volume clearing.
2026-06-21 10:53:25|INFO|FixOrderGateway|Inbound transaction payload validated and reconciled.
2026-06-21 10:53:50|ERROR|PaymentAPI|Database connection pool exhausted during high-volume clearing.
2026-06-21 10:54:15|WARNING|CoreSettlementEngine|API threshold warning: Network latency peaked above 250ms.
2026-06-21 10:54:40|INFO|PaymentAPI|Inbound transaction payload validated and reconciled.
2026-06-21 10:55:05|ERROR|AuthService|Database connection pool exhausted during high-volume clearing.
2026-06-21 10:55:30|WARNING|PaymentAPI|API threshold warning: Network latency peaked above 250ms.
2026-06-21 10:55:55|WARNING|PaymentAPI|API threshold warning: Network latency peaked above 250ms.
2026-06-21 10:56:20|ERROR|FixOrderGateway|Database connection pool exhausted during high-volume clearing.
2026-06-21 10:56:45|INFO|AuthService|Inbound transaction payload validated and reconciled.
2026-06-21 10:57:10|INFO|RiskManagementModule|Inbound transaction payload validated and reconciled.
2026-06-21 10:57:35|ERROR|AuthService|Database connection pool exhausted during high-volume clearing.
2026-06-21 10:58:00|ERROR|CoreSettlementEngine|Database connection pool exhausted during high-volume clearing.
2026-06-21 10:58:25|INFO|FixOrderGateway|Inbound transaction payload validated and reconciled.
2026-06-21 10:58:50|INFO|RiskManagementModule|Inbound transaction payload validated and reconciled.
2026-06-21 10:59:15|ERROR|AuthService|Database connection pool exhausted during high-volume clearing.
2026-06-21 10:59:40|INFO|CoreSettlementEngine|Inbound transaction payload validated and reconciled.
2026-06-21 11:00:05|INFO|FixOrderGateway|Inbound transaction payload validated and reconciled.
2026-06-21 11:00:30|INFO|AuthService|Inbound transaction payload validated and reconciled.
2026-06-21 11:00:55|INFO|FixOrderGateway|Inbound transaction payload validated and reconciled.
2026-06-21 11:01:20|ERROR|AuthService|Database connection pool exhausted during high-volume clearing.
2026-06-21 11:01:45|INFO|FixOrderGateway|Inbound transaction payload validated and reconciled.
2026-06-21 11:02:10|INFO|PaymentAPI|Inbound transaction payload validated and reconciled.
2026-06-21 11:02:35|INFO|CoreSettlementEngine|Inbound transaction payload validated and reconciled.
2026-06-21 11:03:00|WARNING|AuthService|API threshold warning: Network latency peaked above 250ms.
2026-06-21 11:03:25|ERROR|AuthService|Database connection pool exhausted during high-volume clearing.
2026-06-21 11:03:50|ERROR|CoreSettlementEngine|Database connection pool exhausted during high-volume clearing.
2026-06-21 11:04:15|INFO|PaymentAPI|Inbound transaction payload validated and reconciled.
2026-06-21 11:04:40|WARNING|PaymentAPI|API threshold warning: Network latency peaked above 250ms.
2026-06-21 11:05:05|INFO|RiskManagementModule|Inbound transaction payload validated and reconciled.
2026-06-21 11:05:30|INFO|PaymentAPI|Inbound transaction payload validated and reconciled.
2026-06-21 11:05:55|INFO|PaymentAPI|Inbound transaction payload validated and reconciled.
2026-06-21 11:06:20|INFO|AuthService|Inbound transaction payload validated and reconciled.
2026-06-21 11:06:45|INFO|AuthService|Inbound transaction payload validated and reconciled.
2026-06-21 11:07:10|INFO|PaymentAPI|Inbound transaction payload validated and reconciled.
2026-06-21 11:07:35|INFO|AuthService|Inbound transaction payload validated and reconciled.
2026-06-21 11:08:00|INFO|PaymentAPI|Inbound transaction payload validated and reconciled.
2026-06-21 11:08:25|INFO|CoreSettlementEngine|Inbound transaction payload validated and reconciled.
2026-06-21 11:08:50|INFO|AuthService|Inbound transaction payload validated and reconciled.
2026-06-21 11:09:15|INFO|FixOrderGateway|Inbound transaction payload validated and reconciled.
2026-06-21 11:09:40|INFO|FixOrderGateway|Inbound transaction payload validated and reconciled.
2026-06-21 11:10:05|INFO|PaymentAPI|Inbound transaction payload validated and reconciled.
2026-06-21 11:10:30|INFO|FixOrderGateway|Inbound transaction payload validated and reconciled.
2026-06-21 11:10:55|INFO|PaymentAPI|Inbound transaction payload validated and reconciled.
2026-06-21 11:11:20|INFO|CoreSettlementEngine|Inbound transaction payload validated and reconciled.
2026-06-21 11:11:45|ERROR|RiskManagementModule|Database connection pool exhausted during high-volume clearing.
2026-06-21 11:12:10|INFO|PaymentAPI|Inbound transaction payload validated and reconciled.
2026-06-21 11:12:35|ERROR|RiskManagementModule|Database connection pool exhausted during high-volume clearing.
2026-06-21 11:13:00|INFO|CoreSettlementEngine|Inbound transaction payload validated and reconciled.
2026-06-21 11:13:25|WARNING|RiskManagementModule|API threshold warning: Network latency peaked above 250ms.
2026-06-21 11:13:50|WARNING|PaymentAPI|API threshold warning: Network latency peaked above 250ms.
2026-06-21 11:14:15|INFO|CoreSettlementEngine|Inbound transaction payload validated and reconciled.
2026-06-21 11:14:40|ERROR|CoreSettlementEngine|Database connection pool exhausted during high-volume clearing.
2026-06-21 11:15:05|INFO|AuthService|Inbound transaction payload validated and reconciled.
2026-06-21 11:15:30|WARNING|RiskManagementModule|API threshold warning: Network latency peaked above 250ms.
2026-06-21 11:15:55|WARNING|PaymentAPI|API threshold warning: Network latency peaked above 250ms.
2026-06-21 11:16:20|INFO|AuthService|Inbound transaction payload validated and reconciled.
2026-06-21 11:16:45|INFO|CoreSettlementEngine|Inbound transaction payload validated and reconciled.
2026-06-21 11:17:10|WARNING|RiskManagementModule|API threshold warning: Network latency peaked above 250ms.
2026-06-21 11:17:35|ERROR|CoreSettlementEngine|Database connection pool exhausted during high-volume clearing.
2026-06-21 11:18:00|ERROR|FixOrderGateway|Database connection pool exhausted during high-volume clearing.
2026-06-21 11:18:25|INFO|CoreSettlementEngine|Inbound transaction payload validated and reconciled.
2026-06-21 11:18:50|ERROR|CoreSettlementEngine|Database connection pool exhausted during high-volume clearing.
2026-06-21 11:19:15|WARNING|PaymentAPI|API threshold warning: Network latency peaked above 250ms.
2026-06-21 11:19:40|INFO|FixOrderGateway|Inbound transaction payload validated and reconciled.
2026-06-21 11:20:05|INFO|AuthService|Inbound transaction payload validated and reconciled.
2026-06-21 11:20:30|INFO|PaymentAPI|Inbound transaction payload validated and reconciled.
2026-06-21 11:20:55|INFO|AuthService|Inbound transaction payload validated and reconciled.
2026-06-21 11:21:20|INFO|CoreSettlementEngine|Inbound transaction payload validated and reconciled.
2026-06-21 11:21:45|WARNING|FixOrderGateway|API threshold warning: Network latency peaked above 250ms.
2026-06-21 11:22:10|INFO|CoreSettlementEngine|Inbound transaction payload validated and reconciled.
2026-06-21 11:22:35|INFO|CoreSettlementEngine|Inbound transaction payload validated and reconciled.
2026-06-21 11:23:00|INFO|RiskManagementModule|Inbound transaction payload validated and reconciled.
2026-06-21 11:23:25|INFO|AuthService|Inbound transaction payload validated and reconciled.
2026-06-21 11:23:50|INFO|PaymentAPI|Inbound transaction payload validated and reconciled.
2026-06-21 11:24:15|INFO|CoreSettlementEngine|Inbound transaction payload validated and reconciled.
2026-06-21 11:24:40|WARNING|RiskManagementModule|API threshold warning: Network latency peaked above 250ms.
2026-06-21 11:25:05|INFO|FixOrderGateway|Inbound transaction payload validated and reconciled.
2026-06-21 11:25:30|INFO|CoreSettlementEngine|Inbound transaction payload validated and reconciled.
2026-06-21 11:25:55|INFO|CoreSettlementEngine|Inbound transaction payload validated and reconciled.
2026-06-21 11:26:20|INFO|PaymentAPI|Inbound transaction payload validated and reconciled.
2026-06-21 11:26:45|WARNING|FixOrderGateway|API threshold warning: Network latency peaked above 250ms.
2026-06-21 11:27:10|WARNING|RiskManagementModule|API threshold warning: Network latency peaked above 250ms.
2026-06-21 11:27:35|INFO|RiskManagementModule|Inbound transaction payload validated and reconciled.
2026-06-21 11:28:00|ERROR|CoreSettlementEngine|Database connection pool exhausted during high-volume clearing.
2026-06-21 11:28:25|ERROR|PaymentAPI|Database connection pool exhausted during high-volume clearing.
2026-06-21 11:28:50|WARNING|RiskManagementModule|API threshold warning: Network latency peaked above 250ms.
2026-06-21 11:29:15|INFO|RiskManagementModule|Inbound transaction payload validated and reconciled.
2026-06-21 11:29:40|WARNING|AuthService|API threshold warning: Network latency peaked above 250ms.
2026-06-21 11:30:05|INFO|RiskManagementModule|Inbound transaction payload validated and reconciled.
2026-06-21 11:30:30|INFO|RiskManagementModule|Inbound transaction payload validated and reconciled.
2026-06-21 11:30:55|INFO|AuthService|Inbound transaction payload validated and reconciled.
2026-06-21 11:31:20|INFO|AuthService|Inbound transaction payload validated and reconciled.
2026-06-21 11:31:45|INFO|CoreSettlementEngine|Inbound transaction payload validated and reconciled.
2026-06-21 11:32:10|INFO|CoreSettlementEngine|Inbound transaction payload validated and reconciled.
2026-06-21 11:32:35|WARNING|PaymentAPI|API threshold warning: Network latency peaked above 250ms.
2026-06-21 11:33:00|INFO|CoreSettlementEngine|Inbound transaction payload validated and reconciled.
2026-06-21 11:33:25|INFO|CoreSettlementEngine|Inbound transaction payload validated and reconciled.
2026-06-21 11:33:50|INFO|RiskManagementModule|Inbound transaction payload validated and reconciled.
2026-06-21 11:34:15|WARNING|RiskManagementModule|API threshold warning: Network latency peaked above 250ms.
2026-06-21 11:34:40|ERROR|CoreSettlementEngine|Database connection pool exhausted during high-volume clearing.
2026-06-21 11:35:05|INFO|RiskManagementModule|Inbound transaction payload validated and reconciled.
2026-06-21 11:35:30|WARNING|CoreSettlementEngine|API threshold warning: Network latency peaked above 250ms.
2026-06-21 11:35:55|INFO|PaymentAPI|Inbound transaction payload validated and reconciled.
2026-06-21 11:36:20|WARNING|AuthService|API threshold warning: Network latency peaked above 250ms.
2026-06-21 11:36:45|CRITICAL_NETWORK_TIMEOUT_GLITCH_MISSING_COLUMNS
2026-06-21 11:37:10|ERROR|AuthService|Database connection pool exhausted during high-volume clearing.
2026-06-21 11:37:35|ERROR|CoreSettlementEngine|Database connection pool exhausted during high-volume clearing.
2026-06-21 11:38:00|INFO|RiskManagementModule|Inbound transaction payload validated and reconciled.
2026-06-21 11:38:25|INFO|RiskManagementModule|Inbound transaction payload validated and reconciled.
2026-06-21 11:38:50|INFO|RiskManagementModule|Inbound transaction payload validated and reconciled.
2026-06-21 11:39:15|ERROR|FixOrderGateway|Database connection pool exhausted during high-volume clearing.
2026-06-21 11:39:40|INFO|AuthService|Inbound transaction payload validated and reconciled.
2026-06-21 11:40:05|ERROR|AuthService|Database connection pool exhausted during high-volume clearing.
2026-06-21 11:40:30|ERROR|AuthService|Database connection pool exhausted during high-volume clearing.
2026-06-21 11:40:55|WARNING|FixOrderGateway|API threshold warning: Network latency peaked above 250ms.
2026-06-21 11:41:20|INFO|PaymentAPI|Inbound transaction payload validated and reconciled.
2026-06-21 11:41:45|INFO|RiskManagementModule|Inbound transaction payload validated and reconciled.
2026-06-21 11:42:10|ERROR|FixOrderGateway|Database connection pool exhausted during high-volume clearing.
2026-06-21 11:42:35|INFO|CoreSettlementEngine|Inbound transaction payload validated and reconciled.
2026-06-21 11:43:00|INFO|CoreSettlementEngine|Inbound transaction payload validated and reconciled.
2026-06-21 11:43:25|INFO|PaymentAPI|Inbound transaction payload validated and reconciled.
2026-06-21 11:43:50|INFO|FixOrderGateway|Inbound transaction payload validated and reconciled.
2026-06-21 11:44:15|INFO|RiskManagementModule|Inbound transaction payload validated and reconciled.
2026-06-21 11:44:40|INFO|RiskManagementModule|Inbound transaction payload validated and reconciled.
2026-06-21 11:45:05|INFO|CoreSettlementEngine|Inbound transaction payload validated and reconciled.
2026-06-21 11:45:30|WARNING|PaymentAPI|API threshold warning: Network latency peaked above 250ms.
2026-06-21 11:45:55|INFO|RiskManagementModule|Inbound transaction payload validated and reconciled.
2026-06-21 11:46:20|INFO|RiskManagementModule|Inbound transaction payload validated and reconciled.
2026-06-21 11:46:45|INFO|RiskManagementModule|Inbound transaction payload validated and reconciled.
2026-06-21 11:47:10|ERROR|AuthService|Database connection pool exhausted during high-volume clearing.
2026-06-21 11:47:35|INFO|RiskManagementModule|Inbound transaction payload validated and reconciled.
2026-06-21 11:48:00|ERROR|CoreSettlementEngine|Database connection pool exhausted during high-volume clearing.
2026-06-21 11:48:25|INFO|CoreSettlementEngine|Inbound transaction payload validated and reconciled.
2026-06-21 11:48:50|INFO|AuthService|Inbound transaction payload validated and reconciled.
2026-06-21 11:49:15|INFO|FixOrderGateway|Inbound transaction payload validated and reconciled.
2026-06-21 11:49:40|INFO|PaymentAPI|Inbound transaction payload validated and reconciled.
2026-06-21 11:50:05|ERROR|FixOrderGateway|Database connection pool exhausted during high-volume clearing.
2026-06-21 11:50:30|INFO|PaymentAPI|Inbound transaction payload validated and reconciled.
2026-06-21 11:50:55|INFO|CoreSettlementEngine|Inbound transaction payload validated and reconciled.
2026-06-21 11:51:20|INFO|FixOrderGateway|Inbound transaction payload validated and reconciled.
2026-06-21 11:51:45|INFO|CoreSettlementEngine|Inbound transaction payload validated and reconciled.
2026-06-21 11:52:10|INFO|AuthService|Inbound transaction payload validated and reconciled.
2026-06-21 11:52:35|ERROR|CoreSettlementEngine|Database connection pool exhausted during high-volume clearing.
2026-06-21 11:53:00|ERROR|CoreSettlementEngine|Database connection pool exhausted during high-volume clearing.
2026-06-21 11:53:25|WARNING|AuthService|API threshold warning: Network latency peaked above 250ms.
2026-06-21 11:53:50|ERROR|FixOrderGateway|Database connection pool exhausted during high-volume clearing.
2026-06-21 11:54:15|INFO|CoreSettlementEngine|Inbound transaction payload validated and reconciled.
2026-06-21 11:54:40|ERROR|FixOrderGateway|Database connection pool exhausted during high-volume clearing.
2026-06-21 11:55:05|INFO|AuthService|Inbound transaction payload validated and reconciled.
2026-06-21 11:55:30|INFO|CoreSettlementEngine|Inbound transaction payload validated and reconciled.
2026-06-21 11:55:55|INFO|FixOrderGateway|Inbound transaction payload validated and reconciled.
2026-06-21 11:56:20|INFO|AuthService|Inbound transaction payload validated and reconciled.
2026-06-21 11:56:45|INFO|AuthService|Inbound transaction payload validated and reconciled.
2026-06-21 11:57:10|INFO|AuthService|Inbound transaction payload validated and reconciled.
2026-06-21 11:57:35|INFO|AuthService|Inbound transaction payload validated and reconciled.
2026-06-21 11:58:00|INFO|AuthService|Inbound transaction payload validated and reconciled.
2026-06-21 11:58:25|INFO|RiskManagementModule|Inbound transaction payload validated and reconciled.
2026-06-21 11:58:50|INFO|RiskManagementModule|Inbound transaction payload validated and reconciled.
2026-06-21 11:59:15|INFO|PaymentAPI|Inbound transaction payload validated and reconciled.
2026-06-21 11:59:40|INFO|CoreSettlementEngine|Inbound transaction payload validated and reconciled.
2026-06-21 12:00:05|INFO|AuthService|Inbound transaction payload validated and reconciled.
2026-06-21 12:00:30|INFO|PaymentAPI|Inbound transaction payload validated and reconciled.
2026-06-21 12:00:55|INFO|RiskManagementModule|Inbound transaction payload validated and reconciled.
2026-06-21 12:01:20|WARNING|AuthService|API threshold warning: Network latency peaked above 250ms.
2026-06-21 12:01:45|INFO|CoreSettlementEngine|Inbound transaction payload validated and reconciled.
2026-06-21 12:02:10|INFO|AuthService|Inbound transaction payload validated and reconciled.
2026-06-21 12:02:35|INFO|AuthService|Inbound transaction payload validated and reconciled.
2026-06-21 12:03:00|WARNING|PaymentAPI|API threshold warning: Network latency peaked above 250ms.
2026-06-21 12:03:25|INFO|AuthService|Inbound transaction payload validated and reconciled.
2026-06-21 12:03:50|INFO|FixOrderGateway|Inbound transaction payload validated and reconciled.
2026-06-21 12:04:15|WARNING|RiskManagementModule|API threshold warning: Network latency peaked above 250ms.
2026-06-21 12:04:40|WARNING|FixOrderGateway|API threshold warning: Network latency peaked above 250ms.
2026-06-21 12:05:05|ERROR|PaymentAPI|Database connection pool exhausted during high-volume clearing.
2026-06-21 12:05:30|INFO|AuthService|Inbound transaction payload validated and reconciled.
2026-06-21 12:05:55|WARNING|CoreSettlementEngine|API threshold warning: Network latency peaked above 250ms.
2026-06-21 12:06:20|INFO|RiskManagementModule|Inbound transaction payload validated and reconciled.
2026-06-21 12:06:45|ERROR|PaymentAPI|Database connection pool exhausted during high-volume clearing.
2026-06-21 12:07:10|INFO|CoreSettlementEngine|Inbound transaction payload validated and reconciled.
2026-06-21 12:07:35|ERROR|FixOrderGateway|Database connection pool exhausted during high-volume clearing.
2026-06-21 12:08:00|ERROR|AuthService|Database connection pool exhausted during high-volume clearing.
2026-06-21 12:08:25|INFO|PaymentAPI|Inbound transaction payload validated and reconciled.
2026-06-21 12:08:50|ERROR|CoreSettlementEngine|Database connection pool exhausted during high-volume clearing.
2026-06-21 12:09:15|INFO|CoreSettlementEngine|Inbound transaction payload validated and reconciled.
2026-06-21 12:09:40|INFO|FixOrderGateway|Inbound transaction payload validated and reconciled.
2026-06-21 12:10:05|INFO|AuthService|Inbound transaction payload validated and reconciled.
2026-06-21 12:10:30|ERROR|CoreSettlementEngine|Database connection pool exhausted during high-volume clearing.
2026-06-21 12:10:55|INFO|RiskManagementModule|Inbound transaction payload validated and reconciled.
2026-06-21 12:11:20|ERROR|FixOrderGateway|Database connection pool exhausted during high-volume clearing.
2026-06-21 12:11:45|INFO|AuthService|Inbound transaction payload validated and reconciled.
2026-06-21 12:12:10|INFO|AuthService|Inbound transaction payload validated and reconciled.
2026-06-21 12:12:35|WARNING|CoreSettlementEngine|API threshold warning: Network latency peaked above 250ms.
2026-06-21 12:13:00|WARNING|AuthService|API threshold warning: Network latency peaked above 250ms.
2026-06-21 12:13:25|INFO|CoreSettlementEngine|Inbound transaction payload validated and reconciled.
2026-06-21 12:13:50|INFO|PaymentAPI|Inbound transaction payload validated and reconciled.
2026-06-21 12:14:15|INFO|FixOrderGateway|Inbound transaction payload validated and reconciled.
2026-06-21 12:14:40|INFO|AuthService|Inbound transaction payload validated and reconciled.
2026-06-21 12:15:05|WARNING|AuthService|API threshold warning: Network latency peaked above 250ms.
2026-06-21 12:15:30|WARNING|RiskManagementModule|API threshold warning: Network latency peaked above 250ms.
2026-06-21 12:15:55|ERROR|CoreSettlementEngine|Database connection pool exhausted during high-volume clearing.
2026-06-21 12:16:20|ERROR|PaymentAPI|Database connection pool exhausted during high-volume clearing.
2026-06-21 12:16:45|INFO|FixOrderGateway|Inbound transaction payload validated and reconciled.
2026-06-21 12:17:10|WARNING|FixOrderGateway|API threshold warning: Network latency peaked above 250ms.
2026-06-21 12:17:35|ERROR|RiskManagementModule|Database connection pool exhausted during high-volume clearing.
2026-06-21 12:18:00|INFO|RiskManagementModule|Inbound transaction payload validated and reconciled.
2026-06-21 12:18:25|WARNING|PaymentAPI|API threshold warning: Network latency peaked above 250ms.
2026-06-21 12:18:50|INFO|RiskManagementModule|Inbound transaction payload validated and reconciled.
2026-06-21 12:19:15|INFO|FixOrderGateway|Inbound transaction payload validated and reconciled.
2026-06-21 12:19:40|WARNING|PaymentAPI|API threshold warning: Network latency peaked above 250ms.
2026-06-21 12:20:05|WARNING|AuthService|API threshold warning: Network latency peaked above 250ms.
2026-06-21 12:20:30|INFO|PaymentAPI|Inbound transaction payload validated and reconciled.
2026-06-21 12:20:55|INFO|FixOrderGateway|Inbound transaction payload validated and reconciled.
2026-06-21 12:21:20|ERROR|RiskManagementModule|Database connection pool exhausted during high-volume clearing.
2026-06-21 12:21:45|INFO|PaymentAPI|Inbound transaction payload validated and reconciled.
2026-06-21 12:22:10|INFO|CoreSettlementEngine|Inbound transaction payload validated and reconciled.
2026-06-21 12:22:35|INFO|PaymentAPI|Inbound transaction payload validated and reconciled.
2026-06-21 12:23:00|WARNING|AuthService|API threshold warning: Network latency peaked above 250ms.
2026-06-21 12:23:25|WARNING|PaymentAPI|API threshold warning: Network latency peaked above 250ms.
2026-06-21 12:23:50|INFO|PaymentAPI|Inbound transaction payload validated and reconciled.
2026-06-21 12:24:15|INFO|FixOrderGateway|Inbound transaction payload validated and reconciled.
2026-06-21 12:24:40|INFO|CoreSettlementEngine|Inbound transaction payload validated and reconciled.
2026-06-21 12:25:05|INFO|CoreSettlementEngine|Inbound transaction payload validated and reconciled.
2026-06-21 12:25:30|ERROR|AuthService|Database connection pool exhausted during high-volume clearing.
2026-06-21 12:25:55|ERROR|PaymentAPI|Database connection pool exhausted during high-volume clearing.
2026-06-21 12:26:20|INFO|PaymentAPI|Inbound transaction payload validated and reconciled.
2026-06-21 12:26:45|INFO|RiskManagementModule|Inbound transaction payload validated and reconciled.
2026-06-21 12:27:10|INFO|FixOrderGateway|Inbound transaction payload validated and reconciled.
2026-06-21 12:27:35|INFO|CoreSettlementEngine|Inbound transaction payload validated and reconciled.
2026-06-21 12:28:00|INFO|CoreSettlementEngine|Inbound transaction payload validated and reconciled.
2026-06-21 12:28:25|ERROR|AuthService|Database connection pool exhausted during high-volume clearing.
2026-06-21 12:28:50|INFO|FixOrderGateway|Inbound transaction payload validated and reconciled.
2026-06-21 12:29:15|INFO|CoreSettlementEngine|Inbound transaction payload validated and reconciled.
2026-06-21 12:29:40|INFO|CoreSettlementEngine|Inbound transaction payload validated and reconciled.
2026-06-21 12:30:05|INFO|AuthService|Inbound transaction payload validated and reconciled.
2026-06-21 12:30:30|WARNING|RiskManagementModule|API threshold warning: Network latency peaked above 250ms.
2026-06-21 12:30:55|ERROR|FixOrderGateway|Database connection pool exhausted during high-volume clearing.
2026-06-21 12:31:20|WARNING|FixOrderGateway|API threshold warning: Network latency peaked above 250ms.
2026-06-21 12:31:45|INFO|CoreSettlementEngine|Inbound transaction payload validated and reconciled.
2026-06-21 12:32:10|WARNING|PaymentAPI|API threshold warning: Network latency peaked above 250ms.
2026-06-21 12:32:35|WARNING|FixOrderGateway|API threshold warning: Network latency peaked above 250ms.
2026-06-21 12:33:00|ERROR|PaymentAPI|Database connection pool exhausted during high-volume clearing.
2026-06-21 12:33:25|WARNING|CoreSettlementEngine|API threshold warning: Network latency peaked above 250ms.
2026-06-21 12:33:50|INFO|FixOrderGateway|Inbound transaction payload validated and reconciled.
2026-06-21 12:34:15|WARNING|CoreSettlementEngine|API threshold warning: Network latency peaked above 250ms.
2026-06-21 12:34:40|ERROR|FixOrderGateway|Database connection pool exhausted during high-volume clearing.
2026-06-21 12:35:05|INFO|CoreSettlementEngine|Inbound transaction payload validated and reconciled.
2026-06-21 12:35:30|INFO|CoreSettlementEngine|Inbound transaction payload validated and reconciled.
2026-06-21 12:35:55|INFO|RiskManagementModule|Inbound transaction payload validated and reconciled.
2026-06-21 12:36:20|ERROR|PaymentAPI|Database connection pool exhausted during high-volume clearing.
2026-06-21 12:36:45|ERROR|AuthService|Database connection pool exhausted during high-volume clearing.
2026-06-21 12:37:10|ERROR|FixOrderGateway|Database connection pool exhausted during high-volume clearing.
2026-06-21 12:37:35|WARNING|RiskManagementModule|API threshold warning: Network latency peaked above 250ms.
2026-06-21 12:38:00|INFO|CoreSettlementEngine|Inbound transaction payload validated and reconciled.
2026-06-21 12:38:25|WARNING|RiskManagementModule|API threshold warning: Network latency peaked above 250ms.
2026-06-21 12:38:50|INFO|AuthService|Inbound transaction payload validated and reconciled.
2026-06-21 12:39:15|CRITICAL_NETWORK_TIMEOUT_GLITCH_MISSING_COLUMNS
2026-06-21 12:39:40|INFO|CoreSettlementEngine|Inbound transaction payload validated and reconciled.
2026-06-21 12:40:05|WARNING|PaymentAPI|API threshold warning: Network latency peaked above 250ms.
2026-06-21 12:40:30|INFO|CoreSettlementEngine|Inbound transaction payload validated and reconciled.
2026-06-21 12:40:55|ERROR|RiskManagementModule|Database connection pool exhausted during high-volume clearing.
2026-06-21 12:41:20|WARNING|PaymentAPI|API threshold warning: Network latency peaked above 250ms.
2026-06-21 12:41:45|WARNING|FixOrderGateway|API threshold warning: Network latency peaked above 250ms.
2026-06-21 12:42:10|INFO|AuthService|Inbound transaction payload validated and reconciled.
2026-06-21 12:42:35|INFO|RiskManagementModule|Inbound transaction payload validated and reconciled.
2026-06-21 12:43:00|INFO|FixOrderGateway|Inbound transaction payload validated and reconciled.
2026-06-21 12:43:25|INFO|PaymentAPI|Inbound transaction payload validated and reconciled.
2026-06-21 12:43:50|ERROR|CoreSettlementEngine|Database connection pool exhausted during high-volume clearing.
2026-06-21 12:44:15|INFO|PaymentAPI|Inbound transaction payload validated and reconciled.
2026-06-21 12:44:40|WARNING|AuthService|API threshold warning: Network latency peaked above 250ms.
2026-06-21 12:45:05|INFO|FixOrderGateway|Inbound transaction payload validated and reconciled.
2026-06-21 12:45:30|ERROR|RiskManagementModule|Database connection pool exhausted during high-volume clearing.
2026-06-21 12:45:55|INFO|RiskManagementModule|Inbound transaction payload validated and reconciled.
2026-06-21 12:46:20|INFO|AuthService|Inbound transaction payload validated and reconciled.
2026-06-21 12:46:45|INFO|RiskManagementModule|Inbound transaction payload validated and reconciled.
2026-06-21 12:47:10|INFO|CoreSettlementEngine|Inbound transaction payload validated and reconciled.
2026-06-21 12:47:35|WARNING|CoreSettlementEngine|API threshold warning: Network latency peaked above 250ms.
2026-06-21 12:48:00|WARNING|AuthService|API threshold warning: Network latency peaked above 250ms.
2026-06-21 12:48:25|WARNING|CoreSettlementEngine|API threshold warning: Network latency peaked above 250ms.
2026-06-21 12:48:50|INFO|CoreSettlementEngine|Inbound transaction payload validated and reconciled.
2026-06-21 12:49:15|ERROR|RiskManagementModule|Database connection pool exhausted during high-volume clearing.
2026-06-21 12:49:40|INFO|PaymentAPI|Inbound transaction payload validated and reconciled.
2026-06-21 12:50:05|INFO|CoreSettlementEngine|Inbound transaction payload validated and reconciled.
2026-06-21 12:50:30|INFO|PaymentAPI|Inbound transaction payload validated and reconciled.
2026-06-21 12:50:55|INFO|PaymentAPI|Inbound transaction payload validated and reconciled.
2026-06-21 12:51:20|WARNING|CoreSettlementEngine|API threshold warning: Network latency peaked above 250ms.
2026-06-21 12:51:45|WARNING|CoreSettlementEngine|API threshold warning: Network latency peaked above 250ms.
2026-06-21 12:52:10|INFO|CoreSettlementEngine|Inbound transaction payload validated and reconciled.
2026-06-21 12:52:35|INFO|AuthService|Inbound transaction payload validated and reconciled.
2026-06-21 12:53:00|INFO|RiskManagementModule|Inbound transaction payload validated and reconciled.
2026-06-21 12:53:25|INFO|RiskManagementModule|Inbound transaction payload validated and reconciled.
2026-06-21 12:53:50|INFO|AuthService|Inbound transaction payload validated and reconciled.
2026-06-21 12:54:15|INFO|PaymentAPI|Inbound transaction payload validated and reconciled.
2026-06-21 12:54:40|ERROR|AuthService|Database connection pool exhausted during high-volume clearing.
2026-06-21 12:55:05|INFO|CoreSettlementEngine|Inbound transaction payload validated and reconciled.
2026-06-21 12:55:30|ERROR|CoreSettlementEngine|Database connection pool exhausted during high-volume clearing.
2026-06-21 12:55:55|INFO|CoreSettlementEngine|Inbound transaction payload validated and reconciled.
2026-06-21 12:56:20|WARNING|PaymentAPI|API threshold warning: Network latency peaked above 250ms.
2026-06-21 12:56:45|INFO|FixOrderGateway|Inbound transaction payload validated and reconciled.
2026-06-21 12:57:10|INFO|RiskManagementModule|Inbound transaction payload validated and reconciled.
2026-06-21 12:57:35|ERROR|FixOrderGateway|Database connection pool exhausted during high-volume clearing.
2026-06-21 12:58:00|INFO|AuthService|Inbound transaction payload validated and reconciled.
2026-06-21 12:58:25|ERROR|CoreSettlementEngine|Database connection pool exhausted during high-volume clearing.
2026-06-21 12:58:50|INFO|FixOrderGateway|Inbound transaction payload validated and reconciled.
2026-06-21 12:59:15|ERROR|PaymentAPI|Database connection pool exhausted during high-volume clearing.
2026-06-21 12:59:40|INFO|CoreSettlementEngine|Inbound transaction payload validated and reconciled.
2026-06-21 13:00:05|ERROR|AuthService|Database connection pool exhausted during high-volume clearing.
2026-06-21 13:00:30|ERROR|CoreSettlementEngine|Database connection pool exhausted during high-volume clearing.
2026-06-21 13:00:55|ERROR|CoreSettlementEngine|Database connection pool exhausted during high-volume clearing.
2026-06-21 13:01:20|ERROR|RiskManagementModule|Database connection pool exhausted during high-volume clearing.
2026-06-21 13:01:45|INFO|FixOrderGateway|Inbound transaction payload validated and reconciled.
2026-06-21 13:02:10|INFO|FixOrderGateway|Inbound transaction payload validated and reconciled.
2026-06-21 13:02:35|INFO|AuthService|Inbound transaction payload validated and reconciled.
2026-06-21 13:03:00|INFO|FixOrderGateway|Inbound transaction payload validated and reconciled.
2026-06-21 13:03:25|INFO|RiskManagementModule|Inbound transaction payload validated and reconciled.
2026-06-21 13:03:50|ERROR|PaymentAPI|Database connection pool exhausted during high-volume clearing.
2026-06-21 13:04:15|ERROR|RiskManagementModule|Database connection pool exhausted during high-volume clearing.
2026-06-21 13:04:40|INFO|CoreSettlementEngine|Inbound transaction payload validated and reconciled.
2026-06-21 13:05:05|ERROR|CoreSettlementEngine|Database connection pool exhausted during high-volume clearing.
2026-06-21 13:05:30|INFO|FixOrderGateway|Inbound transaction payload validated and reconciled.
2026-06-21 13:05:55|ERROR|CoreSettlementEngine|Database connection pool exhausted during high-volume clearing.
2026-06-21 13:06:20|INFO|FixOrderGateway|Inbound transaction payload validated and reconciled.
2026-06-21 13:06:45|WARNING|PaymentAPI|API threshold warning: Network latency peaked above 250ms.
2026-06-21 13:07:10|INFO|RiskManagementModule|Inbound transaction payload validated and reconciled.
2026-06-21 13:07:35|WARNING|FixOrderGateway|API threshold warning: Network latency peaked above 250ms.
2026-06-21 13:08:00|INFO|FixOrderGateway|Inbound transaction payload validated and reconciled.
2026-06-21 13:08:25|ERROR|FixOrderGateway|Database connection pool exhausted during high-volume clearing.
2026-06-21 13:08:50|WARNING|PaymentAPI|API threshold warning: Network latency peaked above 250ms.
2026-06-21 13:09:15|WARNING|AuthService|API threshold warning: Network latency peaked above 250ms.
2026-06-21 13:09:40|WARNING|RiskManagementModule|API threshold warning: Network latency peaked above 250ms.
2026-06-21 13:10:05|WARNING|PaymentAPI|API threshold warning: Network latency peaked above 250ms.
2026-06-21 13:10:30|ERROR|CoreSettlementEngine|Database connection pool exhausted during high-volume clearing.
2026-06-21 13:10:55|INFO|CoreSettlementEngine|Inbound transaction payload validated and reconciled.
2026-06-21 13:11:20|ERROR|AuthService|Database connection pool exhausted during high-volume clearing.
2026-06-21 13:11:45|INFO|FixOrderGateway|Inbound transaction payload validated and reconciled.
2026-06-21 13:12:10|WARNING|CoreSettlementEngine|API threshold warning: Network latency peaked above 250ms.
2026-06-21 13:12:35|INFO|AuthService|Inbound transaction payload validated and reconciled.
2026-06-21 13:13:00|INFO|RiskManagementModule|Inbound transaction payload validated and reconciled.
2026-06-21 13:13:25|WARNING|AuthService|API threshold warning: Network latency peaked above 250ms.
2026-06-21 13:13:50|INFO|AuthService|Inbound transaction payload validated and reconciled.
2026-06-21 13:14:15|INFO|FixOrderGateway|Inbound transaction payload validated and reconciled.
2026-06-21 13:14:40|WARNING|AuthService|API threshold warning: Network latency peaked above 250ms.
2026-06-21 13:15:05|INFO|CoreSettlementEngine|Inbound transaction payload validated and reconciled.
2026-06-21 13:15:30|ERROR|FixOrderGateway|Database connection pool exhausted during high-volume clearing.
2026-06-21 13:15:55|INFO|AuthService|Inbound transaction payload validated and reconciled.
2026-06-21 13:16:20|WARNING|PaymentAPI|API threshold warning: Network latency peaked above 250ms.
2026-06-21 13:16:45|WARNING|PaymentAPI|API threshold warning: Network latency peaked above 250ms.
2026-06-21 13:17:10|INFO|RiskManagementModule|Inbound transaction payload validated and reconciled.
2026-06-21 13:17:35|WARNING|RiskManagementModule|API threshold warning: Network latency peaked above 250ms.
2026-06-21 13:18:00|INFO|FixOrderGateway|Inbound transaction payload validated and reconciled.
2026-06-21 13:18:25|INFO|AuthService|Inbound transaction payload validated and reconciled.
2026-06-21 13:18:50|INFO|AuthService|Inbound transaction payload validated and reconciled.
2026-06-21 13:19:15|WARNING|CoreSettlementEngine|API threshold warning: Network latency peaked above 250ms.
2026-06-21 13:19:40|INFO|CoreSettlementEngine|Inbound transaction payload validated and reconciled.
2026-06-21 13:20:05|INFO|RiskManagementModule|Inbound transaction payload validated and reconciled.
2026-06-21 13:20:30|WARNING|RiskManagementModule|API threshold warning: Network latency peaked above 250ms.
2026-06-21 13:20:55|INFO|RiskManagementModule|Inbound transaction payload validated and reconciled.
2026-06-21 13:21:20|INFO|AuthService|Inbound transaction payload validated and reconciled.
2026-06-21 13:21:45|WARNING|CoreSettlementEngine|API threshold warning: Network latency peaked above 250ms.
2026-06-21 13:22:10|INFO|FixOrderGateway|Inbound transaction payload validated and reconciled.
2026-06-21 13:22:35|ERROR|RiskManagementModule|Database connection pool exhausted during high-volume clearing.
2026-06-21 13:23:00|ERROR|AuthService|Database connection pool exhausted during high-volume clearing.
2026-06-21 13:23:25|ERROR|PaymentAPI|Database connection pool exhausted during high-volume clearing.
2026-06-21 13:23:50|WARNING|AuthService|API threshold warning: Network latency peaked above 250ms.
2026-06-21 13:24:15|INFO|FixOrderGateway|Inbound transaction payload validated and reconciled.
2026-06-21 13:24:40|INFO|CoreSettlementEngine|Inbound transaction payload validated and reconciled.
2026-06-21 13:25:05|INFO|CoreSettlementEngine|Inbound transaction payload validated and reconciled.
2026-06-21 13:25:30|ERROR|RiskManagementModule|Database connection pool exhausted during high-volume clearing.
2026-06-21 13:25:55|ERROR|AuthService|Database connection pool exhausted during high-volume clearing.
2026-06-21 13:26:20|WARNING|FixOrderGateway|API threshold warning: Network latency peaked above 250ms.
2026-06-21 13:26:45|INFO|RiskManagementModule|Inbound transaction payload validated and reconciled.
2026-06-21 13:27:10|ERROR|PaymentAPI|Database connection pool exhausted during high-volume clearing.
2026-06-21 13:27:35|INFO|RiskManagementModule|Inbound transaction payload validated and reconciled.
2026-06-21 13:28:00|WARNING|PaymentAPI|API threshold warning: Network latency peaked above 250ms.
2026-06-21 13:28:25|INFO|CoreSettlementEngine|Inbound transaction payload validated and reconciled.
2026-06-21 13:28:50|WARNING|PaymentAPI|API threshold warning: Network latency peaked above 250ms.
2026-06-21 13:29:15|INFO|AuthService|Inbound transaction payload validated and reconciled.
2026-06-21 13:29:40|INFO|RiskManagementModule|Inbound transaction payload validated and reconciled.
2026-06-21 13:30:05|INFO|CoreSettlementEngine|Inbound transaction payload validated and reconciled.
2026-06-21 13:30:30|INFO|AuthService|Inbound transaction payload validated and reconciled.
2026-06-21 13:30:55|INFO|CoreSettlementEngine|Inbound transaction payload validated and reconciled.
2026-06-21 13:31:20|INFO|AuthService|Inbound transaction payload validated and reconciled.
2026-06-21 13:31:45|INFO|AuthService|Inbound transaction payload validated and reconciled.
2026-06-21 13:32:10|INFO|PaymentAPI|Inbound transaction payload validated and reconciled.
2026-06-21 13:32:35|WARNING|AuthService|API threshold warning: Network latency peaked above 250ms.
2026-06-21 13:33:00|INFO|RiskManagementModule|Inbound transaction payload validated and reconciled.
2026-06-21 13:33:25|INFO|AuthService|Inbound transaction payload validated and reconciled.
2026-06-21 13:33:50|INFO|RiskManagementModule|Inbound transaction payload validated and reconciled.
2026-06-21 13:34:15|ERROR|RiskManagementModule|Database connection pool exhausted during high-volume clearing.
2026-06-21 13:34:40|INFO|FixOrderGateway|Inbound transaction payload validated and reconciled.
2026-06-21 13:35:05|INFO|FixOrderGateway|Inbound transaction payload validated and reconciled.
2026-06-21 13:35:30|ERROR|RiskManagementModule|Database connection pool exhausted during high-volume clearing.
2026-06-21 13:35:55|INFO|CoreSettlementEngine|Inbound transaction payload validated and reconciled.
2026-06-21 13:36:20|WARNING|RiskManagementModule|API threshold warning: Network latency peaked above 250ms.
2026-06-21 13:36:45|INFO|RiskManagementModule|Inbound transaction payload validated and reconciled.
2026-06-21 13:37:10|INFO|FixOrderGateway|Inbound transaction payload validated and reconciled.
2026-06-21 13:37:35|WARNING|FixOrderGateway|API threshold warning: Network latency peaked above 250ms.
2026-06-21 13:38:00|WARNING|PaymentAPI|API threshold warning: Network latency peaked above 250ms.
2026-06-21 13:38:25|WARNING|PaymentAPI|API threshold warning: Network latency peaked above 250ms.
2026-06-21 13:38:50|WARNING|RiskManagementModule|API threshold warning: Network latency peaked above 250ms.
2026-06-21 13:39:15|ERROR|AuthService|Database connection pool exhausted during high-volume clearing.
2026-06-21 13:39:40|WARNING|PaymentAPI|API threshold warning: Network latency peaked above 250ms.
2026-06-21 13:40:05|ERROR|CoreSettlementEngine|Database connection pool exhausted during high-volume clearing.
2026-06-21 13:40:30|INFO|AuthService|Inbound transaction payload validated and reconciled.
2026-06-21 13:40:55|WARNING|PaymentAPI|API threshold warning: Network latency peaked above 250ms.
2026-06-21 13:41:20|INFO|PaymentAPI|Inbound transaction payload validated and reconciled.
2026-06-21 13:41:45|CRITICAL_NETWORK_TIMEOUT_GLITCH_MISSING_COLUMNS
2026-06-21 13:42:10|INFO|AuthService|Inbound transaction payload validated and reconciled.
2026-06-21 13:42:35|INFO|AuthService|Inbound transaction payload validated and reconciled.
2026-06-21 13:43:00|WARNING|FixOrderGateway|API threshold warning: Network latency peaked above 250ms.
2026-06-21 13:43:25|INFO|RiskManagementModule|Inbound transaction payload validated and reconciled.
2026-06-21 13:43:50|WARNING|FixOrderGateway|API threshold warning: Network latency peaked above 250ms.
2026-06-21 13:44:15|WARNING|RiskManagementModule|API threshold warning: Network latency peaked above 250ms.
2026-06-21 13:44:40|ERROR|AuthService|Database connection pool exhausted during high-volume clearing.
2026-06-21 13:45:05|WARNING|FixOrderGateway|API threshold warning: Network latency peaked above 250ms.
2026-06-21 13:45:30|WARNING|CoreSettlementEngine|API threshold warning: Network latency peaked above 250ms.
2026-06-21 13:45:55|WARNING|PaymentAPI|API threshold warning: Network latency peaked above 250ms.
2026-06-21 13:46:20|INFO|RiskManagementModule|Inbound transaction payload validated and reconciled.
2026-06-21 13:46:45|INFO|FixOrderGateway|Inbound transaction payload validated and reconciled.
2026-06-21 13:47:10|INFO|CoreSettlementEngine|Inbound transaction payload validated and reconciled.
2026-06-21 13:47:35|ERROR|PaymentAPI|Database connection pool exhausted during high-volume clearing.
2026-06-21 13:48:00|INFO|AuthService|Inbound transaction payload validated and reconciled.
2026-06-21 13:48:25|INFO|FixOrderGateway|Inbound transaction payload validated and reconciled.
2026-06-21 13:48:50|ERROR|AuthService|Database connection pool exhausted during high-volume clearing.
2026-06-21 13:49:15|WARNING|PaymentAPI|API threshold warning: Network latency peaked above 250ms.
2026-06-21 13:49:40|ERROR|RiskManagementModule|Database connection pool exhausted during high-volume clearing.
2026-06-21 13:50:05|INFO|RiskManagementModule|Inbound transaction payload validated and reconciled.
2026-06-21 13:50:30|INFO|RiskManagementModule|Inbound transaction payload validated and reconciled.
2026-06-21 13:50:55|INFO|AuthService|Inbound transaction payload validated and reconciled.
2026-06-21 13:51:20|ERROR|AuthService|Database connection pool exhausted during high-volume clearing.
2026-06-21 13:51:45|INFO|AuthService|Inbound transaction payload validated and reconciled.
2026-06-21 13:52:10|INFO|PaymentAPI|Inbound transaction payload validated and reconciled.
2026-06-21 13:52:35|INFO|FixOrderGateway|Inbound transaction payload validated and reconciled.
2026-06-21 13:53:00|INFO|PaymentAPI|Inbound transaction payload validated and reconciled.
2026-06-21 13:53:25|INFO|AuthService|Inbound transaction payload validated and reconciled.
2026-06-21 13:53:50|INFO|PaymentAPI|Inbound transaction payload validated and reconciled.
2026-06-21 13:54:15|INFO|CoreSettlementEngine|Inbound transaction payload validated and reconciled.
2026-06-21 13:54:40|WARNING|RiskManagementModule|API threshold warning: Network latency peaked above 250ms.
2026-06-21 13:55:05|WARNING|CoreSettlementEngine|API threshold warning: Network latency peaked above 250ms.
2026-06-21 13:55:30|INFO|PaymentAPI|Inbound transaction payload validated and reconciled.
2026-06-21 13:55:55|INFO|AuthService|Inbound transaction payload validated and reconciled.
2026-06-21 13:56:20|INFO|FixOrderGateway|Inbound transaction payload validated and reconciled.
2026-06-21 13:56:45|INFO|CoreSettlementEngine|Inbound transaction payload validated and reconciled.
2026-06-21 13:57:10|ERROR|RiskManagementModule|Database connection pool exhausted during high-volume clearing.
2026-06-21 13:57:35|INFO|AuthService|Inbound transaction payload validated and reconciled.
2026-06-21 13:58:00|INFO|RiskManagementModule|Inbound transaction payload validated and reconciled.
2026-06-21 13:58:25|WARNING|FixOrderGateway|API threshold warning: Network latency peaked above 250ms.
2026-06-21 13:58:50|ERROR|CoreSettlementEngine|Database connection pool exhausted during high-volume clearing.
2026-06-21 13:59:15|WARNING|FixOrderGateway|API threshold warning: Network latency peaked above 250ms.
2026-06-21 13:59:40|INFO|CoreSettlementEngine|Inbound transaction payload validated and reconciled.
2026-06-21 14:00:05|WARNING|FixOrderGateway|API threshold warning: Network latency peaked above 250ms.
2026-06-21 14:00:30|INFO|AuthService|Inbound transaction payload validated and reconciled.
2026-06-21 14:00:55|INFO|FixOrderGateway|Inbound transaction payload validated and reconciled.
2026-06-21 14:01:20|INFO|PaymentAPI|Inbound transaction payload validated and reconciled.
2026-06-21 14:01:45|INFO|PaymentAPI|Inbound transaction payload validated and reconciled.
2026-06-21 14:02:10|WARNING|CoreSettlementEngine|API threshold warning: Network latency peaked above 250ms.
2026-06-21 14:02:35|WARNING|RiskManagementModule|API threshold warning: Network latency peaked above 250ms.
2026-06-21 14:03:00|INFO|CoreSettlementEngine|Inbound transaction payload validated and reconciled.
2026-06-21 14:03:25|WARNING|RiskManagementModule|API threshold warning: Network latency peaked above 250ms.
2026-06-21 14:03:50|WARNING|PaymentAPI|API threshold warning: Network latency peaked above 250ms.
2026-06-21 14:04:15|INFO|PaymentAPI|Inbound transaction payload validated and reconciled.
2026-06-21 14:04:40|WARNING|PaymentAPI|API threshold warning: Network latency peaked above 250ms.
2026-06-21 14:05:05|INFO|AuthService|Inbound transaction payload validated and reconciled.
2026-06-21 14:05:30|WARNING|CoreSettlementEngine|API threshold warning: Network latency peaked above 250ms.
2026-06-21 14:05:55|INFO|FixOrderGateway|Inbound transaction payload validated and reconciled.
2026-06-21 14:06:20|INFO|PaymentAPI|Inbound transaction payload validated and reconciled.
2026-06-21 14:06:45|ERROR|RiskManagementModule|Database connection pool exhausted during high-volume clearing.
2026-06-21 14:07:10|ERROR|CoreSettlementEngine|Database connection pool exhausted during high-volume clearing.
2026-06-21 14:07:35|WARNING|RiskManagementModule|API threshold warning: Network latency peaked above 250ms.
2026-06-21 14:08:00|ERROR|FixOrderGateway|Database connection pool exhausted during high-volume clearing.
2026-06-21 14:08:25|ERROR|RiskManagementModule|Database connection pool exhausted during high-volume clearing.
2026-06-21 14:08:50|INFO|FixOrderGateway|Inbound transaction payload validated and reconciled.
2026-06-21 14:09:15|ERROR|AuthService|Database connection pool exhausted during high-volume clearing.
2026-06-21 14:09:40|INFO|PaymentAPI|Inbound transaction payload validated and reconciled.
2026-06-21 14:10:05|INFO|RiskManagementModule|Inbound transaction payload validated and reconciled.
2026-06-21 14:10:30|INFO|PaymentAPI|Inbound transaction payload validated and reconciled.
2026-06-21 14:10:55|INFO|CoreSettlementEngine|Inbound transaction payload validated and reconciled.
2026-06-21 14:11:20|WARNING|CoreSettlementEngine|API threshold warning: Network latency peaked above 250ms.
2026-06-21 14:11:45|ERROR|FixOrderGateway|Database connection pool exhausted during high-volume clearing.
2026-06-21 14:12:10|INFO|CoreSettlementEngine|Inbound transaction payload validated and reconciled.
2026-06-21 14:12:35|WARNING|FixOrderGateway|API threshold warning: Network latency peaked above 250ms.
2026-06-21 14:13:00|INFO|PaymentAPI|Inbound transaction payload validated and reconciled.
2026-06-21 14:13:25|INFO|PaymentAPI|Inbound transaction payload validated and reconciled.
2026-06-21 14:13:50|INFO|CoreSettlementEngine|Inbound transaction payload validated and reconciled.
2026-06-21 14:14:15|INFO|AuthService|Inbound transaction payload validated and reconciled.
2026-06-21 14:14:40|WARNING|FixOrderGateway|API threshold warning: Network latency peaked above 250ms.
2026-06-21 14:15:05|INFO|RiskManagementModule|Inbound transaction payload validated and reconciled.
2026-06-21 14:15:30|INFO|RiskManagementModule|Inbound transaction payload validated and reconciled.
2026-06-21 14:15:55|INFO|RiskManagementModule|Inbound transaction payload validated and reconciled.
2026-06-21 14:16:20|INFO|AuthService|Inbound transaction payload validated and reconciled.
2026-06-21 14:16:45|INFO|PaymentAPI|Inbound transaction payload validated and reconciled.
2026-06-21 14:17:10|INFO|RiskManagementModule|Inbound transaction payload validated and reconciled.
2026-06-21 14:17:35|INFO|FixOrderGateway|Inbound transaction payload validated and reconciled.
2026-06-21 14:18:00|INFO|FixOrderGateway|Inbound transaction payload validated and reconciled.
2026-06-21 14:18:25|INFO|AuthService|Inbound transaction payload validated and reconciled.
2026-06-21 14:18:50|INFO|CoreSettlementEngine|Inbound transaction payload validated and reconciled.
2026-06-21 14:19:15|INFO|FixOrderGateway|Inbound transaction payload validated and reconciled.
2026-06-21 14:19:40|INFO|RiskManagementModule|Inbound transaction payload validated and reconciled.
2026-06-21 14:20:05|INFO|CoreSettlementEngine|Inbound transaction payload validated and reconciled.
2026-06-21 14:20:30|INFO|RiskManagementModule|Inbound transaction payload validated and reconciled.
2026-06-21 14:20:55|ERROR|AuthService|Database connection pool exhausted during high-volume clearing.
2026-06-21 14:21:20|WARNING|FixOrderGateway|API threshold warning: Network latency peaked above 250ms.
2026-06-21 14:21:45|INFO|AuthService|Inbound transaction payload validated and reconciled.
2026-06-21 14:22:10|ERROR|CoreSettlementEngine|Database connection pool exhausted during high-volume clearing.
2026-06-21 14:22:35|WARNING|AuthService|API threshold warning: Network latency peaked above 250ms.
2026-06-21 14:23:00|INFO|CoreSettlementEngine|Inbound transaction payload validated and reconciled.
2026-06-21 14:23:25|WARNING|FixOrderGateway|API threshold warning: Network latency peaked above 250ms.
2026-06-21 14:23:50|INFO|CoreSettlementEngine|Inbound transaction payload validated and reconciled.
2026-06-21 14:24:15|INFO|PaymentAPI|Inbound transaction payload validated and reconciled.
2026-06-21 14:24:40|ERROR|CoreSettlementEngine|Database connection pool exhausted during high-volume clearing.
2026-06-21 14:25:05|WARNING|PaymentAPI|API threshold warning: Network latency peaked above 250ms.
2026-06-21 14:25:30|INFO|FixOrderGateway|Inbound transaction payload validated and reconciled.
2026-06-21 14:25:55|ERROR|PaymentAPI|Database connection pool exhausted during high-volume clearing.
2026-06-21 14:26:20|WARNING|CoreSettlementEngine|API threshold warning: Network latency peaked above 250ms.
2026-06-21 14:26:45|WARNING|AuthService|API threshold warning: Network latency peaked above 250ms.
2026-06-21 14:27:10|INFO|PaymentAPI|Inbound transaction payload validated and reconciled.
2026-06-21 14:27:35|INFO|AuthService|Inbound transaction payload validated and reconciled.
2026-06-21 14:28:00|WARNING|CoreSettlementEngine|API threshold warning: Network latency peaked above 250ms.
2026-06-21 14:28:25|INFO|FixOrderGateway|Inbound transaction payload validated and reconciled.
2026-06-21 14:28:50|ERROR|AuthService|Database connection pool exhausted during high-volume clearing.
2026-06-21 14:29:15|INFO|RiskManagementModule|Inbound transaction payload validated and reconciled.
2026-06-21 14:29:40|INFO|RiskManagementModule|Inbound transaction payload validated and reconciled.
2026-06-21 14:30:05|ERROR|CoreSettlementEngine|Database connection pool exhausted during high-volume clearing.
2026-06-21 14:30:30|INFO|FixOrderGateway|Inbound transaction payload validated and reconciled.
2026-06-21 14:30:55|INFO|AuthService|Inbound transaction payload validated and reconciled.
2026-06-21 14:31:20|ERROR|PaymentAPI|Database connection pool exhausted during high-volume clearing.
2026-06-21 14:31:45|INFO|RiskManagementModule|Inbound transaction payload validated and reconciled.
2026-06-21 14:32:10|ERROR|FixOrderGateway|Database connection pool exhausted during high-volume clearing.
2026-06-21 14:32:35|WARNING|RiskManagementModule|API threshold warning: Network latency peaked above 250ms.
2026-06-21 14:33:00|INFO|CoreSettlementEngine|Inbound transaction payload validated and reconciled.
2026-06-21 14:33:25|INFO|FixOrderGateway|Inbound transaction payload validated and reconciled.
2026-06-21 14:33:50|WARNING|CoreSettlementEngine|API threshold warning: Network latency peaked above 250ms.
2026-06-21 14:34:15|INFO|PaymentAPI|Inbound transaction payload validated and reconciled.
2026-06-21 14:34:40|WARNING|AuthService|API threshold warning: Network latency peaked above 250ms.
2026-06-21 14:35:05|INFO|RiskManagementModule|Inbound transaction payload validated and reconciled.
2026-06-21 14:35:30|ERROR|FixOrderGateway|Database connection pool exhausted during high-volume clearing.
2026-06-21 14:35:55|ERROR|CoreSettlementEngine|Database connection pool exhausted during high-volume clearing.
2026-06-21 14:36:20|ERROR|RiskManagementModule|Database connection pool exhausted during high-volume clearing.
2026-06-21 14:36:45|ERROR|PaymentAPI|Database connection pool exhausted during high-volume clearing.
2026-06-21 14:37:10|WARNING|FixOrderGateway|API threshold warning: Network latency peaked above 250ms.
2026-06-21 14:37:35|INFO|PaymentAPI|Inbound transaction payload validated and reconciled.
2026-06-21 14:38:00|INFO|RiskManagementModule|Inbound transaction payload validated and reconciled.
2026-06-21 14:38:25|WARNING|RiskManagementModule|API threshold warning: Network latency peaked above 250ms.
2026-06-21 14:38:50|WARNING|AuthService|API threshold warning: Network latency peaked above 250ms.
2026-06-21 14:39:15|INFO|CoreSettlementEngine|Inbound transaction payload validated and reconciled.
2026-06-21 14:39:40|WARNING|PaymentAPI|API threshold warning: Network latency peaked above 250ms.
2026-06-21 14:40:05|INFO|PaymentAPI|Inbound transaction payload validated and reconciled.
2026-06-21 14:40:30|INFO|RiskManagementModule|Inbound transaction payload validated and reconciled.
2026-06-21 14:40:55|ERROR|AuthService|Database connection pool exhausted during high-volume clearing.
2026-06-21 14:41:20|INFO|CoreSettlementEngine|Inbound transaction payload validated and reconciled.
2026-06-21 14:41:45|INFO|PaymentAPI|Inbound transaction payload validated and reconciled.
2026-06-21 14:42:10|INFO|AuthService|Inbound transaction payload validated and reconciled.
2026-06-21 14:42:35|ERROR|AuthService|Database connection pool exhausted during high-volume clearing.
2026-06-21 14:43:00|ERROR|RiskManagementModule|Database connection pool exhausted during high-volume clearing.
2026-06-21 14:43:25|INFO|PaymentAPI|Inbound transaction payload validated and reconciled.
2026-06-21 14:43:50|ERROR|AuthService|Database connection pool exhausted during high-volume clearing.
2026-06-21 14:44:15|CRITICAL_NETWORK_TIMEOUT_GLITCH_MISSING_COLUMNS
2026-06-21 14:44:40|INFO|PaymentAPI|Inbound transaction payload validated and reconciled.
2026-06-21 14:45:05|WARNING|AuthService|API threshold warning: Network latency peaked above 250ms.
2026-06-21 14:45:30|INFO|CoreSettlementEngine|Inbound transaction payload validated and reconciled.
2026-06-21 14:45:55|ERROR|CoreSettlementEngine|Database connection pool exhausted during high-volume clearing.
2026-06-21 14:46:20|ERROR|PaymentAPI|Database connection pool exhausted during high-volume clearing.
2026-06-21 14:46:45|ERROR|CoreSettlementEngine|Database connection pool exhausted during high-volume clearing.
2026-06-21 14:47:10|INFO|AuthService|Inbound transaction payload validated and reconciled.
2026-06-21 14:47:35|INFO|AuthService|Inbound transaction payload validated and reconciled.
2026-06-21 14:48:00|WARNING|CoreSettlementEngine|API threshold warning: Network latency peaked above 250ms.
2026-06-21 14:48:25|ERROR|FixOrderGateway|Database connection pool exhausted during high-volume clearing.
2026-06-21 14:48:50|INFO|RiskManagementModule|Inbound transaction payload validated and reconciled.
2026-06-21 14:49:15|INFO|CoreSettlementEngine|Inbound transaction payload validated and reconciled.
2026-06-21 14:49:40|INFO|RiskManagementModule|Inbound transaction payload validated and reconciled.
2026-06-21 14:50:05|ERROR|AuthService|Database connection pool exhausted during high-volume clearing.
2026-06-21 14:50:30|ERROR|PaymentAPI|Database connection pool exhausted during high-volume clearing.
2026-06-21 14:50:55|INFO|FixOrderGateway|Inbound transaction payload validated and reconciled.
2026-06-21 14:51:20|ERROR|RiskManagementModule|Database connection pool exhausted during high-volume clearing.
2026-06-21 14:51:45|INFO|PaymentAPI|Inbound transaction payload validated and reconciled.
2026-06-21 14:52:10|INFO|PaymentAPI|Inbound transaction payload validated and reconciled.
2026-06-21 14:52:35|ERROR|AuthService|Database connection pool exhausted during high-volume clearing.
2026-06-21 14:53:00|INFO|FixOrderGateway|Inbound transaction payload validated and reconciled.
2026-06-21 14:53:25|WARNING|PaymentAPI|API threshold warning: Network latency peaked above 250ms.
2026-06-21 14:53:50|INFO|PaymentAPI|Inbound transaction payload validated and reconciled.
2026-06-21 14:54:15|INFO|PaymentAPI|Inbound transaction payload validated and reconciled.
2026-06-21 14:54:40|INFO|CoreSettlementEngine|Inbound transaction payload validated and reconciled.
2026-06-21 14:55:05|INFO|CoreSettlementEngine|Inbound transaction payload validated and reconciled.
2026-06-21 14:55:30|INFO|AuthService|Inbound transaction payload validated and reconciled.
2026-06-21 14:55:55|ERROR|CoreSettlementEngine|Database connection pool exhausted during high-volume clearing.
2026-06-21 14:56:20|INFO|AuthService|Inbound transaction payload validated and reconciled.
2026-06-21 14:56:45|ERROR|RiskManagementModule|Database connection pool exhausted during high-volume clearing.
2026-06-21 14:57:10|ERROR|PaymentAPI|Database connection pool exhausted during high-volume clearing.
2026-06-21 14:57:35|INFO|PaymentAPI|Inbound transaction payload validated and reconciled.
2026-06-21 14:58:00|INFO|PaymentAPI|Inbound transaction payload validated and reconciled.
2026-06-21 14:58:25|INFO|CoreSettlementEngine|Inbound transaction payload validated and reconciled.
2026-06-21 14:58:50|INFO|FixOrderGateway|Inbound transaction payload validated and reconciled.
2026-06-21 14:59:15|INFO|CoreSettlementEngine|Inbound transaction payload validated and reconciled.
2026-06-21 14:59:40|INFO|PaymentAPI|Inbound transaction payload validated and reconciled.
2026-06-21 15:00:05|INFO|AuthService|Inbound transaction payload validated and reconciled.
2026-06-21 15:00:30|INFO|FixOrderGateway|Inbound transaction payload validated and reconciled.
2026-06-21 15:00:55|INFO|PaymentAPI|Inbound transaction payload validated and reconciled.
2026-06-21 15:01:20|INFO|CoreSettlementEngine|Inbound transaction payload validated and reconciled.
2026-06-21 15:01:45|INFO|CoreSettlementEngine|Inbound transaction payload validated and reconciled.
2026-06-21 15:02:10|INFO|RiskManagementModule|Inbound transaction payload validated and reconciled.
2026-06-21 15:02:35|INFO|AuthService|Inbound transaction payload validated and reconciled.
2026-06-21 15:03:00|INFO|RiskManagementModule|Inbound transaction payload validated and reconciled.
2026-06-21 15:03:25|INFO|CoreSettlementEngine|Inbound transaction payload validated and reconciled.
2026-06-21 15:03:50|INFO|CoreSettlementEngine|Inbound transaction payload validated and reconciled.
2026-06-21 15:04:15|ERROR|FixOrderGateway|Database connection pool exhausted during high-volume clearing.
2026-06-21 15:04:40|INFO|AuthService|Inbound transaction payload validated and reconciled.
2026-06-21 15:05:05|INFO|CoreSettlementEngine|Inbound transaction payload validated and reconciled.
2026-06-21 15:05:30|INFO|PaymentAPI|Inbound transaction payload validated and reconciled.
2026-06-21 15:05:55|INFO|FixOrderGateway|Inbound transaction payload validated and reconciled.
2026-06-21 15:06:20|INFO|PaymentAPI|Inbound transaction payload validated and reconciled.
2026-06-21 15:06:45|INFO|RiskManagementModule|Inbound transaction payload validated and reconciled.
2026-06-21 15:07:10|INFO|FixOrderGateway|Inbound transaction payload validated and reconciled.
2026-06-21 15:07:35|WARNING|RiskManagementModule|API threshold warning: Network latency peaked above 250ms.
2026-06-21 15:08:00|INFO|RiskManagementModule|Inbound transaction payload validated and reconciled.
2026-06-21 15:08:25|INFO|FixOrderGateway|Inbound transaction payload validated and reconciled.
2026-06-21 15:08:50|INFO|FixOrderGateway|Inbound transaction payload validated and reconciled.
2026-06-21 15:09:15|INFO|RiskManagementModule|Inbound transaction payload validated and reconciled.
2026-06-21 15:09:40|INFO|FixOrderGateway|Inbound transaction payload validated and reconciled.
2026-06-21 15:10:05|INFO|CoreSettlementEngine|Inbound transaction payload validated and reconciled.
2026-06-21 15:10:30|INFO|AuthService|Inbound transaction payload validated and reconciled.
2026-06-21 15:10:55|INFO|AuthService|Inbound transaction payload validated and reconciled.
2026-06-21 15:11:20|WARNING|FixOrderGateway|API threshold warning: Network latency peaked above 250ms.
2026-06-21 15:11:45|WARNING|CoreSettlementEngine|API threshold warning: Network latency peaked above 250ms.
2026-06-21 15:12:10|WARNING|PaymentAPI|API threshold warning: Network latency peaked above 250ms.
2026-06-21 15:12:35|ERROR|AuthService|Database connection pool exhausted during high-volume clearing.
2026-06-21 15:13:00|ERROR|FixOrderGateway|Database connection pool exhausted during high-volume clearing.
2026-06-21 15:13:25|INFO|PaymentAPI|Inbound transaction payload validated and reconciled.
2026-06-21 15:13:50|INFO|CoreSettlementEngine|Inbound transaction payload validated and reconciled.
2026-06-21 15:14:15|WARNING|AuthService|API threshold warning: Network latency peaked above 250ms.
2026-06-21 15:14:40|ERROR|RiskManagementModule|Database connection pool exhausted during high-volume clearing.
2026-06-21 15:15:05|INFO|RiskManagementModule|Inbound transaction payload validated and reconciled.
2026-06-21 15:15:30|WARNING|PaymentAPI|API threshold warning: Network latency peaked above 250ms.
2026-06-21 15:15:55|WARNING|RiskManagementModule|API threshold warning: Network latency peaked above 250ms.
2026-06-21 15:16:20|INFO|CoreSettlementEngine|Inbound transaction payload validated and reconciled.
2026-06-21 15:16:45|WARNING|AuthService|API threshold warning: Network latency peaked above 250ms.
2026-06-21 15:17:10|ERROR|FixOrderGateway|Database connection pool exhausted during high-volume clearing.
2026-06-21 15:17:35|WARNING|PaymentAPI|API threshold warning: Network latency peaked above 250ms.
2026-06-21 15:18:00|INFO|FixOrderGateway|Inbound transaction payload validated and reconciled.
2026-06-21 15:18:25|WARNING|AuthService|API threshold warning: Network latency peaked above 250ms.
2026-06-21 15:18:50|INFO|RiskManagementModule|Inbound transaction payload validated and reconciled.
2026-06-21 15:19:15|ERROR|CoreSettlementEngine|Database connection pool exhausted during high-volume clearing.
2026-06-21 15:19:40|INFO|PaymentAPI|Inbound transaction payload validated and reconciled.
2026-06-21 15:20:05|INFO|CoreSettlementEngine|Inbound transaction payload validated and reconciled.
2026-06-21 15:20:30|INFO|CoreSettlementEngine|Inbound transaction payload validated and reconciled.
2026-06-21 15:20:55|INFO|FixOrderGateway|Inbound transaction payload validated and reconciled.
2026-06-21 15:21:20|WARNING|FixOrderGateway|API threshold warning: Network latency peaked above 250ms.
2026-06-21 15:21:45|INFO|FixOrderGateway|Inbound transaction payload validated and reconciled.
2026-06-21 15:22:10|ERROR|RiskManagementModule|Database connection pool exhausted during high-volume clearing.
2026-06-21 15:22:35|INFO|PaymentAPI|Inbound transaction payload validated and reconciled.
2026-06-21 15:23:00|INFO|PaymentAPI|Inbound transaction payload validated and reconciled.
2026-06-21 15:23:25|INFO|FixOrderGateway|Inbound transaction payload validated and reconciled.
2026-06-21 15:23:50|INFO|AuthService|Inbound transaction payload validated and reconciled.
2026-06-21 15:24:15|INFO|RiskManagementModule|Inbound transaction payload validated and reconciled.
2026-06-21 15:24:40|WARNING|PaymentAPI|API threshold warning: Network latency peaked above 250ms.
2026-06-21 15:25:05|INFO|RiskManagementModule|Inbound transaction payload validated and reconciled.
2026-06-21 15:25:30|INFO|RiskManagementModule|Inbound transaction payload validated and reconciled.
2026-06-21 15:25:55|WARNING|RiskManagementModule|API threshold warning: Network latency peaked above 250ms.
2026-06-21 15:26:20|INFO|FixOrderGateway|Inbound transaction payload validated and reconciled.
2026-06-21 15:26:45|WARNING|AuthService|API threshold warning: Network latency peaked above 250ms.
2026-06-21 15:27:10|WARNING|CoreSettlementEngine|API threshold warning: Network latency peaked above 250ms.
2026-06-21 15:27:35|INFO|FixOrderGateway|Inbound transaction payload validated and reconciled.
2026-06-21 15:28:00|INFO|RiskManagementModule|Inbound transaction payload validated and reconciled.
2026-06-21 15:28:25|ERROR|FixOrderGateway|Database connection pool exhausted during high-volume clearing.
2026-06-21 15:28:50|WARNING|FixOrderGateway|API threshold warning: Network latency peaked above 250ms.
2026-06-21 15:29:15|INFO|FixOrderGateway|Inbound transaction payload validated and reconciled.
2026-06-21 15:29:40|ERROR|FixOrderGateway|Database connection pool exhausted during high-volume clearing.
2026-06-21 15:30:05|INFO|AuthService|Inbound transaction payload validated and reconciled.
2026-06-21 15:30:30|INFO|PaymentAPI|Inbound transaction payload validated and reconciled.
2026-06-21 15:30:55|ERROR|AuthService|Database connection pool exhausted during high-volume clearing.
2026-06-21 15:31:20|WARNING|AuthService|API threshold warning: Network latency peaked above 250ms.
2026-06-21 15:31:45|INFO|PaymentAPI|Inbound transaction payload validated and reconciled.
2026-06-21 15:32:10|INFO|AuthService|Inbound transaction payload validated and reconciled.
2026-06-21 15:32:35|INFO|CoreSettlementEngine|Inbound transaction payload validated and reconciled.
2026-06-21 15:33:00|INFO|AuthService|Inbound transaction payload validated and reconciled.
2026-06-21 15:33:25|ERROR|PaymentAPI|Database connection pool exhausted during high-volume clearing.
2026-06-21 15:33:50|INFO|PaymentAPI|Inbound transaction payload validated and reconciled.
2026-06-21 15:34:15|INFO|PaymentAPI|Inbound transaction payload validated and reconciled.
2026-06-21 15:34:40|ERROR|CoreSettlementEngine|Database connection pool exhausted during high-volume clearing.
2026-06-21 15:35:05|INFO|CoreSettlementEngine|Inbound transaction payload validated and reconciled.
2026-06-21 15:35:30|INFO|RiskManagementModule|Inbound transaction payload validated and reconciled.
2026-06-21 15:35:55|WARNING|AuthService|API threshold warning: Network latency peaked above 250ms.
2026-06-21 15:36:20|WARNING|FixOrderGateway|API threshold warning: Network latency peaked above 250ms.
2026-06-21 15:36:45|INFO|CoreSettlementEngine|Inbound transaction payload validated and reconciled.
2026-06-21 15:37:10|WARNING|AuthService|API threshold warning: Network latency peaked above 250ms.
2026-06-21 15:37:35|WARNING|FixOrderGateway|API threshold warning: Network latency peaked above 250ms.
2026-06-21 15:38:00|INFO|PaymentAPI|Inbound transaction payload validated and reconciled.
2026-06-21 15:38:25|ERROR|CoreSettlementEngine|Database connection pool exhausted during high-volume clearing.
2026-06-21 15:38:50|ERROR|CoreSettlementEngine|Database connection pool exhausted during high-volume clearing.
2026-06-21 15:39:15|ERROR|RiskManagementModule|Database connection pool exhausted during high-volume clearing.
2026-06-21 15:39:40|WARNING|PaymentAPI|API threshold warning: Network latency peaked above 250ms.
2026-06-21 15:40:05|INFO|FixOrderGateway|Inbound transaction payload validated and reconciled.
2026-06-21 15:40:30|INFO|PaymentAPI|Inbound transaction payload validated and reconciled.
2026-06-21 15:40:55|INFO|PaymentAPI|Inbound transaction payload validated and reconciled.
2026-06-21 15:41:20|INFO|AuthService|Inbound transaction payload validated and reconciled.
2026-06-21 15:41:45|INFO|PaymentAPI|Inbound transaction payload validated and reconciled.
2026-06-21 15:42:10|WARNING|PaymentAPI|API threshold warning: Network latency peaked above 250ms.
2026-06-21 15:42:35|INFO|RiskManagementModule|Inbound transaction payload validated and reconciled.
2026-06-21 15:43:00|INFO|FixOrderGateway|Inbound transaction payload validated and reconciled.
2026-06-21 15:43:25|ERROR|FixOrderGateway|Database connection pool exhausted during high-volume clearing.
2026-06-21 15:43:50|INFO|FixOrderGateway|Inbound transaction payload validated and reconciled.
2026-06-21 15:44:15|INFO|CoreSettlementEngine|Inbound transaction payload validated and reconciled.
2026-06-21 15:44:40|ERROR|RiskManagementModule|Database connection pool exhausted during high-volume clearing.
2026-06-21 15:45:05|ERROR|FixOrderGateway|Database connection pool exhausted during high-volume clearing.
2026-06-21 15:45:30|INFO|RiskManagementModule|Inbound transaction payload validated and reconciled.
2026-06-21 15:45:55|ERROR|PaymentAPI|Database connection pool exhausted during high-volume clearing.
2026-06-21 15:46:20|INFO|FixOrderGateway|Inbound transaction payload validated and reconciled.
2026-06-21 15:46:45|CRITICAL_NETWORK_TIMEOUT_GLITCH_MISSING_COLUMNS
2026-06-21 15:47:10|WARNING|CoreSettlementEngine|API threshold warning: Network latency peaked above 250ms.
2026-06-21 15:47:35|ERROR|CoreSettlementEngine|Database connection pool exhausted during high-volume clearing.
2026-06-21 15:48:00|INFO|PaymentAPI|Inbound transaction payload validated and reconciled.
2026-06-21 15:48:25|INFO|FixOrderGateway|Inbound transaction payload validated and reconciled.
2026-06-21 15:48:50|INFO|AuthService|Inbound transaction payload validated and reconciled.
2026-06-21 15:49:15|INFO|CoreSettlementEngine|Inbound transaction payload validated and reconciled.
2026-06-21 15:49:40|INFO|RiskManagementModule|Inbound transaction payload validated and reconciled.
2026-06-21 15:50:05|INFO|CoreSettlementEngine|Inbound transaction payload validated and reconciled.
2026-06-21 15:50:30|INFO|RiskManagementModule|Inbound transaction payload validated and reconciled.
2026-06-21 15:50:55|ERROR|RiskManagementModule|Database connection pool exhausted during high-volume clearing.
2026-06-21 15:51:20|WARNING|CoreSettlementEngine|API threshold warning: Network latency peaked above 250ms.
2026-06-21 15:51:45|INFO|RiskManagementModule|Inbound transaction payload validated and reconciled.
2026-06-21 15:52:10|WARNING|RiskManagementModule|API threshold warning: Network latency peaked above 250ms.
2026-06-21 15:52:35|INFO|RiskManagementModule|Inbound transaction payload validated and reconciled.
2026-06-21 15:53:00|WARNING|RiskManagementModule|API threshold warning: Network latency peaked above 250ms.
2026-06-21 15:53:25|INFO|FixOrderGateway|Inbound transaction payload validated and reconciled.
2026-06-21 15:53:50|INFO|PaymentAPI|Inbound transaction payload validated and reconciled.
2026-06-21 15:54:15|WARNING|AuthService|API threshold warning: Network latency peaked above 250ms.
2026-06-21 15:54:40|INFO|RiskManagementModule|Inbound transaction payload validated and reconciled.
2026-06-21 15:55:05|WARNING|CoreSettlementEngine|API threshold warning: Network latency peaked above 250ms.
2026-06-21 15:55:30|INFO|PaymentAPI|Inbound transaction payload validated and reconciled.
2026-06-21 15:55:55|WARNING|RiskManagementModule|API threshold warning: Network latency peaked above 250ms.
2026-06-21 15:56:20|ERROR|CoreSettlementEngine|Database connection pool exhausted during high-volume clearing.
2026-06-21 15:56:45|WARNING|CoreSettlementEngine|API threshold warning: Network latency peaked above 250ms.
2026-06-21 15:57:10|WARNING|PaymentAPI|API threshold warning: Network latency peaked above 250ms.
2026-06-21 15:57:35|INFO|AuthService|Inbound transaction payload validated and reconciled.
2026-06-21 15:58:00|WARNING|FixOrderGateway|API threshold warning: Network latency peaked above 250ms.
2026-06-21 15:58:25|WARNING|AuthService|API threshold warning: Network latency peaked above 250ms.
2026-06-21 15:58:50|WARNING|FixOrderGateway|API threshold warning: Network latency peaked above 250ms.
2026-06-21 15:59:15|INFO|AuthService|Inbound transaction payload validated and reconciled.
2026-06-21 15:59:40|ERROR|PaymentAPI|Database connection pool exhausted during high-volume clearing.
2026-06-21 16:00:05|INFO|PaymentAPI|Inbound transaction payload validated and reconciled.
2026-06-21 16:00:30|ERROR|RiskManagementModule|Database connection pool exhausted during high-volume clearing.
2026-06-21 16:00:55|INFO|RiskManagementModule|Inbound transaction payload validated and reconciled.
2026-06-21 16:01:20|INFO|CoreSettlementEngine|Inbound transaction payload validated and reconciled.
2026-06-21 16:01:45|INFO|CoreSettlementEngine|Inbound transaction payload validated and reconciled.
2026-06-21 16:02:10|ERROR|AuthService|Database connection pool exhausted during high-volume clearing.
2026-06-21 16:02:35|INFO|RiskManagementModule|Inbound transaction payload validated and reconciled.
2026-06-21 16:03:00|INFO|FixOrderGateway|Inbound transaction payload validated and reconciled.
2026-06-21 16:03:25|INFO|RiskManagementModule|Inbound transaction payload validated and reconciled.
2026-06-21 16:03:50|INFO|CoreSettlementEngine|Inbound transaction payload validated and reconciled.
2026-06-21 16:04:15|INFO|PaymentAPI|Inbound transaction payload validated and reconciled.
2026-06-21 16:04:40|WARNING|CoreSettlementEngine|API threshold warning: Network latency peaked above 250ms.
2026-06-21 16:05:05|INFO|FixOrderGateway|Inbound transaction payload validated and reconciled.
2026-06-21 16:05:30|WARNING|AuthService|API threshold warning: Network latency peaked above 250ms.
2026-06-21 16:05:55|INFO|PaymentAPI|Inbound transaction payload validated and reconciled.
2026-06-21 16:06:20|WARNING|PaymentAPI|API threshold warning: Network latency peaked above 250ms.
2026-06-21 16:06:45|INFO|PaymentAPI|Inbound transaction payload validated and reconciled.
2026-06-21 16:07:10|INFO|RiskManagementModule|Inbound transaction payload validated and reconciled.
2026-06-21 16:07:35|INFO|CoreSettlementEngine|Inbound transaction payload validated and reconciled.
2026-06-21 16:08:00|ERROR|RiskManagementModule|Database connection pool exhausted during high-volume clearing.
2026-06-21 16:08:25|ERROR|RiskManagementModule|Database connection pool exhausted during high-volume clearing.
2026-06-21 16:08:50|WARNING|FixOrderGateway|API threshold warning: Network latency peaked above 250ms.
2026-06-21 16:09:15|WARNING|AuthService|API threshold warning: Network latency peaked above 250ms.
2026-06-21 16:09:40|ERROR|RiskManagementModule|Database connection pool exhausted during high-volume clearing.
2026-06-21 16:10:05|INFO|RiskManagementModule|Inbound transaction payload validated and reconciled.
2026-06-21 16:10:30|ERROR|AuthService|Database connection pool exhausted during high-volume clearing.
2026-06-21 16:10:55|WARNING|PaymentAPI|API threshold warning: Network latency peaked above 250ms.
2026-06-21 16:11:20|ERROR|CoreSettlementEngine|Database connection pool exhausted during high-volume clearing.
2026-06-21 16:11:45|INFO|FixOrderGateway|Inbound transaction payload validated and reconciled.
2026-06-21 16:12:10|INFO|RiskManagementModule|Inbound transaction payload validated and reconciled.
2026-06-21 16:12:35|INFO|PaymentAPI|Inbound transaction payload validated and reconciled.
2026-06-21 16:13:00|INFO|PaymentAPI|Inbound transaction payload validated and reconciled.
2026-06-21 16:13:25|INFO|CoreSettlementEngine|Inbound transaction payload validated and reconciled.
2026-06-21 16:13:50|WARNING|CoreSettlementEngine|API threshold warning: Network latency peaked above 250ms.
2026-06-21 16:14:15|WARNING|RiskManagementModule|API threshold warning: Network latency peaked above 250ms.
2026-06-21 16:14:40|INFO|CoreSettlementEngine|Inbound transaction payload validated and reconciled.
2026-06-21 16:15:05|WARNING|AuthService|API threshold warning: Network latency peaked above 250ms.
2026-06-21 16:15:30|WARNING|RiskManagementModule|API threshold warning: Network latency peaked above 250ms.
2026-06-21 16:15:55|INFO|PaymentAPI|Inbound transaction payload validated and reconciled.
2026-06-21 16:16:20|INFO|CoreSettlementEngine|Inbound transaction payload validated and reconciled.
2026-06-21 16:16:45|INFO|FixOrderGateway|Inbound transaction payload validated and reconciled.
2026-06-21 16:17:10|INFO|FixOrderGateway|Inbound transaction payload validated and reconciled.
2026-06-21 16:17:35|INFO|FixOrderGateway|Inbound transaction payload validated and reconciled.
2026-06-21 16:18:00|INFO|PaymentAPI|Inbound transaction payload validated and reconciled.
2026-06-21 16:18:25|INFO|RiskManagementModule|Inbound transaction payload validated and reconciled.
2026-06-21 16:18:50|INFO|RiskManagementModule|Inbound transaction payload validated and reconciled.
2026-06-21 16:19:15|ERROR|RiskManagementModule|Database connection pool exhausted during high-volume clearing.
2026-06-21 16:19:40|ERROR|AuthService|Database connection pool exhausted during high-volume clearing.
2026-06-21 16:20:05|INFO|RiskManagementModule|Inbound transaction payload validated and reconciled.
2026-06-21 16:20:30|WARNING|CoreSettlementEngine|API threshold warning: Network latency peaked above 250ms.
2026-06-21 16:20:55|ERROR|AuthService|Database connection pool exhausted during high-volume clearing.
2026-06-21 16:21:20|INFO|AuthService|Inbound transaction payload validated and reconciled.
2026-06-21 16:21:45|ERROR|PaymentAPI|Database connection pool exhausted during high-volume clearing.
2026-06-21 16:22:10|WARNING|CoreSettlementEngine|API threshold warning: Network latency peaked above 250ms.
2026-06-21 16:22:35|ERROR|CoreSettlementEngine|Database connection pool exhausted during high-volume clearing.
2026-06-21 16:23:00|INFO|AuthService|Inbound transaction payload validated and reconciled.
2026-06-21 16:23:25|INFO|PaymentAPI|Inbound transaction payload validated and reconciled.
2026-06-21 16:23:50|INFO|RiskManagementModule|Inbound transaction payload validated and reconciled.
2026-06-21 16:24:15|INFO|PaymentAPI|Inbound transaction payload validated and reconciled.
2026-06-21 16:24:40|INFO|RiskManagementModule|Inbound transaction payload validated and reconciled.
2026-06-21 16:25:05|ERROR|FixOrderGateway|Database connection pool exhausted during high-volume clearing.
2026-06-21 16:25:30|INFO|CoreSettlementEngine|Inbound transaction payload validated and reconciled.
2026-06-21 16:25:55|INFO|AuthService|Inbound transaction payload validated and reconciled.
2026-06-21 16:26:20|INFO|CoreSettlementEngine|Inbound transaction payload validated and reconciled.
2026-06-21 16:26:45|ERROR|PaymentAPI|Database connection pool exhausted during high-volume clearing.
2026-06-21 16:27:10|INFO|PaymentAPI|Inbound transaction payload validated and reconciled.
2026-06-21 16:27:35|INFO|AuthService|Inbound transaction payload validated and reconciled.
2026-06-21 16:28:00|INFO|CoreSettlementEngine|Inbound transaction payload validated and reconciled.
2026-06-21 16:28:25|INFO|CoreSettlementEngine|Inbound transaction payload validated and reconciled.
2026-06-21 16:28:50|WARNING|PaymentAPI|API threshold warning: Network latency peaked above 250ms.
2026-06-21 16:29:15|WARNING|FixOrderGateway|API threshold warning: Network latency peaked above 250ms.
2026-06-21 16:29:40|WARNING|PaymentAPI|API threshold warning: Network latency peaked above 250ms.
2026-06-21 16:30:05|INFO|AuthService|Inbound transaction payload validated and reconciled.
2026-06-21 16:30:30|INFO|FixOrderGateway|Inbound transaction payload validated and reconciled.
2026-06-21 16:30:55|WARNING|PaymentAPI|API threshold warning: Network latency peaked above 250ms.
2026-06-21 16:31:20|ERROR|FixOrderGateway|Database connection pool exhausted during high-volume clearing.
2026-06-21 16:31:45|ERROR|FixOrderGateway|Database connection pool exhausted during high-volume clearing.
2026-06-21 16:32:10|INFO|CoreSettlementEngine|Inbound transaction payload validated and reconciled.
2026-06-21 16:32:35|INFO|CoreSettlementEngine|Inbound transaction payload validated and reconciled.
2026-06-21 16:33:00|INFO|AuthService|Inbound transaction payload validated and reconciled.
2026-06-21 16:33:25|ERROR|RiskManagementModule|Database connection pool exhausted during high-volume clearing.
2026-06-21 16:33:50|WARNING|CoreSettlementEngine|API threshold warning: Network latency peaked above 250ms.
2026-06-21 16:34:15|ERROR|FixOrderGateway|Database connection pool exhausted during high-volume clearing.
2026-06-21 16:34:40|WARNING|RiskManagementModule|API threshold warning: Network latency peaked above 250ms.
2026-06-21 16:35:05|WARNING|CoreSettlementEngine|API threshold warning: Network latency peaked above 250ms.
2026-06-21 16:35:30|ERROR|CoreSettlementEngine|Database connection pool exhausted during high-volume clearing.
2026-06-21 16:35:55|ERROR|CoreSettlementEngine|Database connection pool exhausted during high-volume clearing.
2026-06-21 16:36:20|WARNING|AuthService|API threshold warning: Network latency peaked above 250ms.
2026-06-21 16:36:45|INFO|RiskManagementModule|Inbound transaction payload validated and reconciled.
2026-06-21 16:37:10|INFO|CoreSettlementEngine|Inbound transaction payload validated and reconciled.
2026-06-21 16:37:35|INFO|AuthService|Inbound transaction payload validated and reconciled.
2026-06-21 16:38:00|INFO|RiskManagementModule|Inbound transaction payload validated and reconciled.
2026-06-21 16:38:25|INFO|RiskManagementModule|Inbound transaction payload validated and reconciled.
2026-06-21 16:38:50|INFO|RiskManagementModule|Inbound transaction payload validated and reconciled.
2026-06-21 16:39:15|WARNING|CoreSettlementEngine|API threshold warning: Network latency peaked above 250ms.
2026-06-21 16:39:40|ERROR|AuthService|Database connection pool exhausted during high-volume clearing.
2026-06-21 16:40:05|INFO|CoreSettlementEngine|Inbound transaction payload validated and reconciled.
2026-06-21 16:40:30|ERROR|CoreSettlementEngine|Database connection pool exhausted during high-volume clearing.
2026-06-21 16:40:55|ERROR|CoreSettlementEngine|Database connection pool exhausted during high-volume clearing.
2026-06-21 16:41:20|ERROR|AuthService|Database connection pool exhausted during high-volume clearing.
2026-06-21 16:41:45|ERROR|CoreSettlementEngine|Database connection pool exhausted during high-volume clearing.
2026-06-21 16:42:10|INFO|FixOrderGateway|Inbound transaction payload validated and reconciled.
2026-06-21 16:42:35|WARNING|AuthService|API threshold warning: Network latency peaked above 250ms.
2026-06-21 16:43:00|INFO|AuthService|Inbound transaction payload validated and reconciled.
2026-06-21 16:43:25|INFO|PaymentAPI|Inbound transaction payload validated and reconciled.
2026-06-21 16:43:50|WARNING|CoreSettlementEngine|API threshold warning: Network latency peaked above 250ms.
2026-06-21 16:44:15|INFO|PaymentAPI|Inbound transaction payload validated and reconciled.
2026-06-21 16:44:40|ERROR|AuthService|Database connection pool exhausted during high-volume clearing.
2026-06-21 16:45:05|INFO|CoreSettlementEngine|Inbound transaction payload validated and reconciled.
2026-06-21 16:45:30|WARNING|RiskManagementModule|API threshold warning: Network latency peaked above 250ms.
2026-06-21 16:45:55|WARNING|PaymentAPI|API threshold warning: Network latency peaked above 250ms.
2026-06-21 16:46:20|WARNING|CoreSettlementEngine|API threshold warning: Network latency peaked above 250ms.
2026-06-21 16:46:45|INFO|RiskManagementModule|Inbound transaction payload validated and reconciled.
2026-06-21 16:47:10|INFO|CoreSettlementEngine|Inbound transaction payload validated and reconciled.
2026-06-21 16:47:35|WARNING|PaymentAPI|API threshold warning: Network latency peaked above 250ms.
2026-06-21 16:48:00|INFO|AuthService|Inbound transaction payload validated and reconciled.
2026-06-21 16:48:25|ERROR|FixOrderGateway|Database connection pool exhausted during high-volume clearing.
2026-06-21 16:48:50|INFO|CoreSettlementEngine|Inbound transaction payload validated and reconciled.
2026-06-21 16:49:15|CRITICAL_NETWORK_TIMEOUT_GLITCH_MISSING_COLUMNS
2026-06-21 16:49:40|INFO|FixOrderGateway|Inbound transaction payload validated and reconciled.
2026-06-21 16:50:05|INFO|RiskManagementModule|Inbound transaction payload validated and reconciled.
2026-06-21 16:50:30|INFO|AuthService|Inbound transaction payload validated and reconciled.
2026-06-21 16:50:55|ERROR|AuthService|Database connection pool exhausted during high-volume clearing.
2026-06-21 16:51:20|INFO|RiskManagementModule|Inbound transaction payload validated and reconciled.
2026-06-21 16:51:45|INFO|AuthService|Inbound transaction payload validated and reconciled.
2026-06-21 16:52:10|ERROR|FixOrderGateway|Database connection pool exhausted during high-volume clearing.
2026-06-21 16:52:35|INFO|PaymentAPI|Inbound transaction payload validated and reconciled.
2026-06-21 16:53:00|INFO|CoreSettlementEngine|Inbound transaction payload validated and reconciled.
2026-06-21 16:53:25|WARNING|RiskManagementModule|API threshold warning: Network latency peaked above 250ms.
2026-06-21 16:53:50|INFO|PaymentAPI|Inbound transaction payload validated and reconciled.
2026-06-21 16:54:15|INFO|RiskManagementModule|Inbound transaction payload validated and reconciled.
2026-06-21 16:54:40|INFO|CoreSettlementEngine|Inbound transaction payload validated and reconciled.
2026-06-21 16:55:05|INFO|RiskManagementModule|Inbound transaction payload validated and reconciled.
2026-06-21 16:55:30|INFO|FixOrderGateway|Inbound transaction payload validated and reconciled.
2026-06-21 16:55:55|ERROR|RiskManagementModule|Database connection pool exhausted during high-volume clearing.
2026-06-21 16:56:20|INFO|FixOrderGateway|Inbound transaction payload validated and reconciled.
2026-06-21 16:56:45|ERROR|PaymentAPI|Database connection pool exhausted during high-volume clearing.
2026-06-21 16:57:10|INFO|CoreSettlementEngine|Inbound transaction payload validated and reconciled.
2026-06-21 16:57:35|INFO|RiskManagementModule|Inbound transaction payload validated and reconciled.
2026-06-21 16:58:00|ERROR|CoreSettlementEngine|Database connection pool exhausted during high-volume clearing.
2026-06-21 16:58:25|INFO|RiskManagementModule|Inbound transaction payload validated and reconciled.
2026-06-21 16:58:50|ERROR|PaymentAPI|Database connection pool exhausted during high-volume clearing.
2026-06-21 16:59:15|ERROR|AuthService|Database connection pool exhausted during high-volume clearing.
2026-06-21 16:59:40|INFO|FixOrderGateway|Inbound transaction payload validated and reconciled.
2026-06-21 17:00:05|WARNING|RiskManagementModule|API threshold warning: Network latency peaked above 250ms.
2026-06-21 17:00:30|INFO|FixOrderGateway|Inbound transaction payload validated and reconciled.
2026-06-21 17:00:55|ERROR|CoreSettlementEngine|Database connection pool exhausted during high-volume clearing.
2026-06-21 17:01:20|INFO|FixOrderGateway|Inbound transaction payload validated and reconciled.
2026-06-21 17:01:45|INFO|RiskManagementModule|Inbound transaction payload validated and reconciled.
2026-06-21 17:02:10|ERROR|PaymentAPI|Database connection pool exhausted during high-volume clearing.
2026-06-21 17:02:35|INFO|AuthService|Inbound transaction payload validated and reconciled.
2026-06-21 17:03:00|INFO|AuthService|Inbound transaction payload validated and reconciled.
2026-06-21 17:03:25|INFO|PaymentAPI|Inbound transaction payload validated and reconciled.
2026-06-21 17:03:50|INFO|CoreSettlementEngine|Inbound transaction payload validated and reconciled.
2026-06-21 17:04:15|INFO|FixOrderGateway|Inbound transaction payload validated and reconciled.
2026-06-21 17:04:40|ERROR|AuthService|Database connection pool exhausted during high-volume clearing.
2026-06-21 17:05:05|ERROR|AuthService|Database connection pool exhausted during high-volume clearing.
2026-06-21 17:05:30|INFO|FixOrderGateway|Inbound transaction payload validated and reconciled.
2026-06-21 17:05:55|WARNING|PaymentAPI|API threshold warning: Network latency peaked above 250ms.
2026-06-21 17:06:20|INFO|PaymentAPI|Inbound transaction payload validated and reconciled.
2026-06-21 17:06:45|ERROR|FixOrderGateway|Database connection pool exhausted during high-volume clearing.
2026-06-21 17:07:10|INFO|RiskManagementModule|Inbound transaction payload validated and reconciled.
2026-06-21 17:07:35|INFO|AuthService|Inbound transaction payload validated and reconciled.
2026-06-21 17:08:00|ERROR|RiskManagementModule|Database connection pool exhausted during high-volume clearing.
2026-06-21 17:08:25|INFO|FixOrderGateway|Inbound transaction payload validated and reconciled.
2026-06-21 17:08:50|INFO|AuthService|Inbound transaction payload validated and reconciled.
2026-06-21 17:09:15|WARNING|AuthService|API threshold warning: Network latency peaked above 250ms.
2026-06-21 17:09:40|INFO|CoreSettlementEngine|Inbound transaction payload validated and reconciled.
2026-06-21 17:10:05|INFO|AuthService|Inbound transaction payload validated and reconciled.
2026-06-21 17:10:30|INFO|AuthService|Inbound transaction payload validated and reconciled.
2026-06-21 17:10:55|INFO|AuthService|Inbound transaction payload validated and reconciled.
2026-06-21 17:11:20|WARNING|FixOrderGateway|API threshold warning: Network latency peaked above 250ms.
2026-06-21 17:11:45|INFO|CoreSettlementEngine|Inbound transaction payload validated and reconciled.
2026-06-21 17:12:10|INFO|AuthService|Inbound transaction payload validated and reconciled.
2026-06-21 17:12:35|INFO|FixOrderGateway|Inbound transaction payload validated and reconciled.
2026-06-21 17:13:00|INFO|FixOrderGateway|Inbound transaction payload validated and reconciled.
2026-06-21 17:13:25|INFO|FixOrderGateway|Inbound transaction payload validated and reconciled.
2026-06-21 17:13:50|INFO|RiskManagementModule|Inbound transaction payload validated and reconciled.
2026-06-21 17:14:15|ERROR|FixOrderGateway|Database connection pool exhausted during high-volume clearing.
2026-06-21 17:14:40|INFO|CoreSettlementEngine|Inbound transaction payload validated and reconciled.
2026-06-21 17:15:05|ERROR|PaymentAPI|Database connection pool exhausted during high-volume clearing.
2026-06-21 17:15:30|INFO|RiskManagementModule|Inbound transaction payload validated and reconciled.
2026-06-21 17:15:55|INFO|FixOrderGateway|Inbound transaction payload validated and reconciled.
2026-06-21 17:16:20|ERROR|CoreSettlementEngine|Database connection pool exhausted during high-volume clearing.
2026-06-21 17:16:45|INFO|AuthService|Inbound transaction payload validated and reconciled.
2026-06-21 17:17:10|INFO|PaymentAPI|Inbound transaction payload validated and reconciled.
2026-06-21 17:17:35|WARNING|PaymentAPI|API threshold warning: Network latency peaked above 250ms.
2026-06-21 17:18:00|INFO|CoreSettlementEngine|Inbound transaction payload validated and reconciled.
2026-06-21 17:18:25|ERROR|AuthService|Database connection pool exhausted during high-volume clearing.
2026-06-21 17:18:50|INFO|AuthService|Inbound transaction payload validated and reconciled.
2026-06-21 17:19:15|ERROR|AuthService|Database connection pool exhausted during high-volume clearing.
2026-06-21 17:19:40|INFO|RiskManagementModule|Inbound transaction payload validated and reconciled.
2026-06-21 17:20:05|WARNING|AuthService|API threshold warning: Network latency peaked above 250ms.
2026-06-21 17:20:30|WARNING|AuthService|API threshold warning: Network latency peaked above 250ms.
2026-06-21 17:20:55|INFO|RiskManagementModule|Inbound transaction payload validated and reconciled.
2026-06-21 17:21:20|INFO|RiskManagementModule|Inbound transaction payload validated and reconciled.
2026-06-21 17:21:45|INFO|FixOrderGateway|Inbound transaction payload validated and reconciled.
2026-06-21 17:22:10|ERROR|CoreSettlementEngine|Database connection pool exhausted during high-volume clearing.
2026-06-21 17:22:35|ERROR|PaymentAPI|Database connection pool exhausted during high-volume clearing.
2026-06-21 17:23:00|INFO|CoreSettlementEngine|Inbound transaction payload validated and reconciled.
2026-06-21 17:23:25|ERROR|FixOrderGateway|Database connection pool exhausted during high-volume clearing.
2026-06-21 17:23:50|INFO|FixOrderGateway|Inbound transaction payload validated and reconciled.
2026-06-21 17:24:15|ERROR|PaymentAPI|Database connection pool exhausted during high-volume clearing.
2026-06-21 17:24:40|INFO|PaymentAPI|Inbound transaction payload validated and reconciled.
2026-06-21 17:25:05|INFO|RiskManagementModule|Inbound transaction payload validated and reconciled.
2026-06-21 17:25:30|WARNING|FixOrderGateway|API threshold warning: Network latency peaked above 250ms.
2026-06-21 17:25:55|WARNING|RiskManagementModule|API threshold warning: Network latency peaked above 250ms.
2026-06-21 17:26:20|ERROR|PaymentAPI|Database connection pool exhausted during high-volume clearing.
2026-06-21 17:26:45|INFO|AuthService|Inbound transaction payload validated and reconciled.
2026-06-21 17:27:10|WARNING|AuthService|API threshold warning: Network latency peaked above 250ms.
2026-06-21 17:27:35|INFO|RiskManagementModule|Inbound transaction payload validated and reconciled.
2026-06-21 17:28:00|INFO|CoreSettlementEngine|Inbound transaction payload validated and reconciled.
2026-06-21 17:28:25|ERROR|CoreSettlementEngine|Database connection pool exhausted during high-volume clearing.
2026-06-21 17:28:50|WARNING|FixOrderGateway|API threshold warning: Network latency peaked above 250ms.
2026-06-21 17:29:15|INFO|CoreSettlementEngine|Inbound transaction payload validated and reconciled.
2026-06-21 17:29:40|WARNING|FixOrderGateway|API threshold warning: Network latency peaked above 250ms.
2026-06-21 17:30:05|INFO|PaymentAPI|Inbound transaction payload validated and reconciled.
2026-06-21 17:30:30|INFO|RiskManagementModule|Inbound transaction payload validated and reconciled.
2026-06-21 17:30:55|INFO|FixOrderGateway|Inbound transaction payload validated and reconciled.
